{"/home/guilherme/final_gaiadex/back/src/app.js": {"path":"/home/guilherme/final_gaiadex/back/src/app.js","statementMap":{"0":{"start":{"line":1,"column":0},"end":{"line":1,"column":27}},"1":{"start":{"line":3,"column":16},"end":{"line":3,"column":34}},"2":{"start":{"line":4,"column":15},"end":{"line":4,"column":32}},"3":{"start":{"line":5,"column":15},"end":{"line":5,"column":34}},"4":{"start":{"line":6,"column":23},"end":{"line":6,"column":44}},"5":{"start":{"line":10,"column":4},"end":{"line":10,"column":29}},"6":{"start":{"line":11,"column":4},"end":{"line":11,"column":19}},"7":{"start":{"line":12,"column":4},"end":{"line":12,"column":23}},"8":{"start":{"line":13,"column":4},"end":{"line":13,"column":18}},"9":{"start":{"line":17,"column":4},"end":{"line":17,"column":29}},"10":{"start":{"line":21,"column":4},"end":{"line":21,"column":64}},"11":{"start":{"line":22,"column":4},"end":{"line":22,"column":36}},"12":{"start":{"line":23,"column":4},"end":{"line":23,"column":62}},"13":{"start":{"line":24,"column":4},"end":{"line":24,"column":37}},"14":{"start":{"line":28,"column":4},"end":{"line":28,"column":29}},"15":{"start":{"line":32,"column":0},"end":{"line":32,"column":35}}},"fnMap":{"0":{"name":"(anonymous_0)","decl":{"start":{"line":9,"column":2},"end":{"line":9,"column":3}},"loc":{"start":{"line":9,"column":16},"end":{"line":14,"column":3}},"line":9},"1":{"name":"(anonymous_1)","decl":{"start":{"line":16,"column":2},"end":{"line":16,"column":3}},"loc":{"start":{"line":16,"column":20},"end":{"line":18,"column":3}},"line":16},"2":{"name":"(anonymous_2)","decl":{"start":{"line":20,"column":2},"end":{"line":20,"column":3}},"loc":{"start":{"line":20,"column":16},"end":{"line":25,"column":3}},"line":20},"3":{"name":"(anonymous_3)","decl":{"start":{"line":27,"column":2},"end":{"line":27,"column":3}},"loc":{"start":{"line":27,"column":11},"end":{"line":29,"column":3}},"line":27}},"branchMap":{},"s":{"0":7,"1":7,"2":7,"3":7,"4":7,"5":7,"6":7,"7":7,"8":7,"9":7,"10":7,"11":7,"12":7,"13":7,"14":7,"15":7},"f":{"0":7,"1":7,"2":7,"3":7},"b":{},"_coverageSchema":"1a1c01bbd47fc00a2c39e90264f33305004495a9","hash":"570617b2dc0a642c8fd28ab2446a520019fe4804"}
,"/home/guilherme/final_gaiadex/back/src/database.js": {"path":"/home/guilherme/final_gaiadex/back/src/database.js","statementMap":{"0":{"start":{"line":1,"column":17},"end":{"line":1,"column":36}},"1":{"start":{"line":21,"column":16},"end":{"line":42,"column":1}},"2":{"start":{"line":22,"column":2},"end":{"line":41,"column":3}},"3":{"start":{"line":24,"column":4},"end":{"line":33,"column":5}},"4":{"start":{"line":26,"column":8},"end":{"line":26,"column":93}},"5":{"start":{"line":27,"column":8},"end":{"line":27,"column":14}},"6":{"start":{"line":29,"column":8},"end":{"line":29,"column":32}},"7":{"start":{"line":30,"column":8},"end":{"line":30,"column":14}},"8":{"start":{"line":32,"column":8},"end":{"line":32,"column":46}},"9":{"start":{"line":35,"column":4},"end":{"line":40,"column":7}},"10":{"start":{"line":44,"column":17},"end":{"line":54,"column":1}},"11":{"start":{"line":45,"column":2},"end":{"line":53,"column":3}},"12":{"start":{"line":46,"column":28},"end":{"line":46,"column":47}},"13":{"start":{"line":48,"column":21},"end":{"line":50,"column":5}},"14":{"start":{"line":49,"column":6},"end":{"line":49,"column":63}},"15":{"start":{"line":52,"column":4},"end":{"line":52,"column":32}},"16":{"start":{"line":56,"column":19},"end":{"line":60,"column":1}},"17":{"start":{"line":57,"column":2},"end":{"line":59,"column":3}},"18":{"start":{"line":58,"column":4},"end":{"line":58,"column":32}},"19":{"start":{"line":62,"column":0},"end":{"line":66,"column":2}}},"fnMap":{"0":{"name":"(anonymous_0)","decl":{"start":{"line":21,"column":16},"end":{"line":21,"column":17}},"loc":{"start":{"line":21,"column":28},"end":{"line":42,"column":1}},"line":21},"1":{"name":"(anonymous_1)","decl":{"start":{"line":44,"column":17},"end":{"line":44,"column":18}},"loc":{"start":{"line":44,"column":29},"end":{"line":54,"column":1}},"line":44},"2":{"name":"(anonymous_2)","decl":{"start":{"line":48,"column":50},"end":{"line":48,"column":51}},"loc":{"start":{"line":49,"column":6},"end":{"line":49,"column":63}},"line":49},"3":{"name":"(anonymous_3)","decl":{"start":{"line":56,"column":19},"end":{"line":56,"column":20}},"loc":{"start":{"line":56,"column":31},"end":{"line":60,"column":1}},"line":56}},"branchMap":{"0":{"loc":{"start":{"line":22,"column":2},"end":{"line":41,"column":3}},"type":"if","locations":[{"start":{"line":22,"column":2},"end":{"line":41,"column":3}},{"start":{"line":22,"column":2},"end":{"line":41,"column":3}}],"line":22},"1":{"loc":{"start":{"line":24,"column":4},"end":{"line":33,"column":5}},"type":"switch","locations":[{"start":{"line":25,"column":6},"end":{"line":27,"column":14}},{"start":{"line":28,"column":6},"end":{"line":30,"column":14}},{"start":{"line":31,"column":6},"end":{"line":32,"column":46}}],"line":24},"2":{"loc":{"start":{"line":45,"column":2},"end":{"line":53,"column":3}},"type":"if","locations":[{"start":{"line":45,"column":2},"end":{"line":53,"column":3}},{"start":{"line":45,"column":2},"end":{"line":53,"column":3}}],"line":45},"3":{"loc":{"start":{"line":57,"column":2},"end":{"line":59,"column":3}},"type":"if","locations":[{"start":{"line":57,"column":2},"end":{"line":59,"column":3}},{"start":{"line":57,"column":2},"end":{"line":59,"column":3}}],"line":57}},"s":{"0":7,"1":7,"2":14,"3":7,"4":0,"5":0,"6":7,"7":7,"8":0,"9":7,"10":7,"11":61,"12":61,"13":61,"14":366,"15":61,"16":7,"17":7,"18":7,"19":7},"f":{"0":14,"1":61,"2":366,"3":7},"b":{"0":[7,7],"1":[0,7,0],"2":[61,0],"3":[7,0]},"_coverageSchema":"1a1c01bbd47fc00a2c39e90264f33305004495a9","hash":"5a59fd621015924b7c563f7290cd0cab414f69be"}
,"/home/guilherme/final_gaiadex/back/src/routes.js": {"path":"/home/guilherme/final_gaiadex/back/src/routes.js","statementMap":{"0":{"start":{"line":1,"column":16},"end":{"line":1,"column":34}},"1":{"start":{"line":2,"column":19},"end":{"line":2,"column":49}},"2":{"start":{"line":3,"column":20},"end":{"line":3,"column":51}},"3":{"start":{"line":4,"column":22},"end":{"line":4,"column":55}},"4":{"start":{"line":5,"column":20},"end":{"line":5,"column":51}},"5":{"start":{"line":6,"column":22},"end":{"line":6,"column":55}},"6":{"start":{"line":7,"column":22},"end":{"line":7,"column":55}},"7":{"start":{"line":8,"column":23},"end":{"line":8,"column":57}},"8":{"start":{"line":9,"column":25},"end":{"line":9,"column":61}},"9":{"start":{"line":11,"column":15},"end":{"line":11,"column":35}},"10":{"start":{"line":13,"column":0},"end":{"line":13,"column":32}},"11":{"start":{"line":14,"column":0},"end":{"line":14,"column":34}},"12":{"start":{"line":15,"column":0},"end":{"line":15,"column":34}},"13":{"start":{"line":16,"column":0},"end":{"line":16,"column":38}},"14":{"start":{"line":17,"column":0},"end":{"line":17,"column":39}},"15":{"start":{"line":18,"column":0},"end":{"line":18,"column":41}},"16":{"start":{"line":19,"column":0},"end":{"line":19,"column":44}},"17":{"start":{"line":20,"column":0},"end":{"line":20,"column":38}},"18":{"start":{"line":22,"column":0},"end":{"line":22,"column":24}}},"fnMap":{},"branchMap":{},"s":{"0":7,"1":7,"2":7,"3":7,"4":7,"5":7,"6":7,"7":7,"8":7,"9":7,"10":7,"11":7,"12":7,"13":7,"14":7,"15":7,"16":7,"17":7,"18":7},"f":{},"b":{},"_coverageSchema":"1a1c01bbd47fc00a2c39e90264f33305004495a9","hash":"a66c44f640a5064ee26882b287b5daab158886d7"}
,"/home/guilherme/final_gaiadex/back/src/controller/AuthController.js": {"path":"/home/guilherme/final_gaiadex/back/src/controller/AuthController.js","statementMap":{"0":{"start":{"line":1,"column":12},"end":{"line":1,"column":35}},"1":{"start":{"line":2,"column":13},"end":{"line":2,"column":38}},"2":{"start":{"line":3,"column":19},"end":{"line":3,"column":51}},"3":{"start":{"line":4,"column":23},"end":{"line":4,"column":45}},"4":{"start":{"line":9,"column":4},"end":{"line":31,"column":5}},"5":{"start":{"line":10,"column":34},"end":{"line":10,"column":42}},"6":{"start":{"line":11,"column":19},"end":{"line":11,"column":58}},"7":{"start":{"line":12,"column":6},"end":{"line":14,"column":7}},"8":{"start":{"line":13,"column":8},"end":{"line":13,"column":65}},"9":{"start":{"line":15,"column":6},"end":{"line":17,"column":7}},"10":{"start":{"line":16,"column":8},"end":{"line":16,"column":69}},"11":{"start":{"line":18,"column":6},"end":{"line":18,"column":32}},"12":{"start":{"line":19,"column":20},"end":{"line":21,"column":8}},"13":{"start":{"line":22,"column":24},"end":{"line":22,"column":41}},"14":{"start":{"line":23,"column":6},"end":{"line":23,"column":41}},"15":{"start":{"line":24,"column":6},"end":{"line":28,"column":27}},"16":{"start":{"line":30,"column":6},"end":{"line":30,"column":23}},"17":{"start":{"line":35,"column":4},"end":{"line":52,"column":5}},"18":{"start":{"line":36,"column":26},"end":{"line":36,"column":34}},"19":{"start":{"line":37,"column":21},"end":{"line":37,"column":50}},"20":{"start":{"line":39,"column":6},"end":{"line":39,"column":61}},"21":{"start":{"line":41,"column":6},"end":{"line":44,"column":70}},"22":{"start":{"line":42,"column":8},"end":{"line":44,"column":70}},"23":{"start":{"line":46,"column":19},"end":{"line":46,"column":40}},"24":{"start":{"line":47,"column":6},"end":{"line":47,"column":24}},"25":{"start":{"line":49,"column":6},"end":{"line":49,"column":28}},"26":{"start":{"line":51,"column":6},"end":{"line":51,"column":78}},"27":{"start":{"line":56,"column":4},"end":{"line":65,"column":5}},"28":{"start":{"line":57,"column":19},"end":{"line":61,"column":8}},"29":{"start":{"line":62,"column":6},"end":{"line":62,"column":28}},"30":{"start":{"line":64,"column":6},"end":{"line":64,"column":80}},"31":{"start":{"line":69,"column":4},"end":{"line":78,"column":5}},"32":{"start":{"line":70,"column":19},"end":{"line":74,"column":8}},"33":{"start":{"line":75,"column":6},"end":{"line":75,"column":28}},"34":{"start":{"line":77,"column":6},"end":{"line":77,"column":80}},"35":{"start":{"line":82,"column":4},"end":{"line":103,"column":5}},"36":{"start":{"line":83,"column":19},"end":{"line":83,"column":53}},"37":{"start":{"line":84,"column":22},"end":{"line":84,"column":30}},"38":{"start":{"line":86,"column":6},"end":{"line":86,"column":62}},"39":{"start":{"line":86,"column":29},"end":{"line":86,"column":62}},"40":{"start":{"line":87,"column":6},"end":{"line":87,"column":62}},"41":{"start":{"line":87,"column":29},"end":{"line":87,"column":62}},"42":{"start":{"line":88,"column":6},"end":{"line":88,"column":53}},"43":{"start":{"line":88,"column":26},"end":{"line":88,"column":53}},"44":{"start":{"line":90,"column":21},"end":{"line":90,"column":49}},"45":{"start":{"line":92,"column":6},"end":{"line":92,"column":66}},"46":{"start":{"line":92,"column":24},"end":{"line":92,"column":66}},"47":{"start":{"line":94,"column":6},"end":{"line":96,"column":9}},"48":{"start":{"line":98,"column":6},"end":{"line":98,"column":65}},"49":{"start":{"line":100,"column":6},"end":{"line":102,"column":61}},"50":{"start":{"line":107,"column":4},"end":{"line":114,"column":5}},"51":{"start":{"line":108,"column":6},"end":{"line":108,"column":50}},"52":{"start":{"line":109,"column":6},"end":{"line":109,"column":65}},"53":{"start":{"line":111,"column":6},"end":{"line":113,"column":62}},"54":{"start":{"line":118,"column":0},"end":{"line":118,"column":32}}},"fnMap":{"0":{"name":"(anonymous_0)","decl":{"start":{"line":8,"column":2},"end":{"line":8,"column":3}},"loc":{"start":{"line":8,"column":37},"end":{"line":32,"column":3}},"line":8},"1":{"name":"(anonymous_1)","decl":{"start":{"line":34,"column":2},"end":{"line":34,"column":3}},"loc":{"start":{"line":34,"column":32},"end":{"line":53,"column":3}},"line":34},"2":{"name":"(anonymous_2)","decl":{"start":{"line":55,"column":2},"end":{"line":55,"column":3}},"loc":{"start":{"line":55,"column":32},"end":{"line":66,"column":3}},"line":55},"3":{"name":"(anonymous_3)","decl":{"start":{"line":68,"column":2},"end":{"line":68,"column":3}},"loc":{"start":{"line":68,"column":36},"end":{"line":79,"column":3}},"line":68},"4":{"name":"(anonymous_4)","decl":{"start":{"line":81,"column":2},"end":{"line":81,"column":3}},"loc":{"start":{"line":81,"column":34},"end":{"line":104,"column":3}},"line":81},"5":{"name":"(anonymous_5)","decl":{"start":{"line":106,"column":2},"end":{"line":106,"column":3}},"loc":{"start":{"line":106,"column":34},"end":{"line":115,"column":3}},"line":106}},"branchMap":{"0":{"loc":{"start":{"line":12,"column":6},"end":{"line":14,"column":7}},"type":"if","locations":[{"start":{"line":12,"column":6},"end":{"line":14,"column":7}},{"start":{"line":12,"column":6},"end":{"line":14,"column":7}}],"line":12},"1":{"loc":{"start":{"line":15,"column":6},"end":{"line":17,"column":7}},"type":"if","locations":[{"start":{"line":15,"column":6},"end":{"line":17,"column":7}},{"start":{"line":15,"column":6},"end":{"line":17,"column":7}}],"line":15},"2":{"loc":{"start":{"line":41,"column":6},"end":{"line":44,"column":70}},"type":"if","locations":[{"start":{"line":41,"column":6},"end":{"line":44,"column":70}},{"start":{"line":41,"column":6},"end":{"line":44,"column":70}}],"line":41},"3":{"loc":{"start":{"line":86,"column":6},"end":{"line":86,"column":62}},"type":"if","locations":[{"start":{"line":86,"column":6},"end":{"line":86,"column":62}},{"start":{"line":86,"column":6},"end":{"line":86,"column":62}}],"line":86},"4":{"loc":{"start":{"line":87,"column":6},"end":{"line":87,"column":62}},"type":"if","locations":[{"start":{"line":87,"column":6},"end":{"line":87,"column":62}},{"start":{"line":87,"column":6},"end":{"line":87,"column":62}}],"line":87},"5":{"loc":{"start":{"line":88,"column":6},"end":{"line":88,"column":53}},"type":"if","locations":[{"start":{"line":88,"column":6},"end":{"line":88,"column":53}},{"start":{"line":88,"column":6},"end":{"line":88,"column":53}}],"line":88},"6":{"loc":{"start":{"line":92,"column":6},"end":{"line":92,"column":66}},"type":"if","locations":[{"start":{"line":92,"column":6},"end":{"line":92,"column":66}},{"start":{"line":92,"column":6},"end":{"line":92,"column":66}}],"line":92}},"s":{"0":7,"1":7,"2":7,"3":7,"4":16,"5":16,"6":16,"7":16,"8":2,"9":14,"10":0,"11":14,"12":14,"13":14,"14":14,"15":14,"16":14,"17":6,"18":6,"19":6,"20":6,"21":6,"22":3,"23":3,"24":3,"25":1,"26":2,"27":0,"28":0,"29":0,"30":0,"31":0,"32":0,"33":0,"34":0,"35":3,"36":3,"37":3,"38":3,"39":0,"40":3,"41":0,"42":3,"43":0,"44":3,"45":3,"46":2,"47":1,"48":1,"49":0,"50":1,"51":1,"52":1,"53":0,"54":7},"f":{"0":16,"1":6,"2":0,"3":0,"4":3,"5":1},"b":{"0":[2,14],"1":[0,14],"2":[3,3],"3":[0,3],"4":[0,3],"5":[0,3],"6":[2,1]},"_coverageSchema":"1a1c01bbd47fc00a2c39e90264f33305004495a9","hash":"fb2098626c050c8c6d2747b3f0d4c5f4d6ecacdc"}
,"/home/guilherme/final_gaiadex/back/src/controller/CollectionController.js": {"path":"/home/guilherme/final_gaiadex/back/src/controller/CollectionController.js","statementMap":{"0":{"start":{"line":1,"column":13},"end":{"line":1,"column":38}},"1":{"start":{"line":2,"column":16},"end":{"line":2,"column":44}},"2":{"start":{"line":3,"column":14},"end":{"line":3,"column":40}},"3":{"start":{"line":7,"column":4},"end":{"line":33,"column":5}},"4":{"start":{"line":8,"column":19},"end":{"line":8,"column":57}},"5":{"start":{"line":9,"column":25},"end":{"line":9,"column":38}},"6":{"start":{"line":10,"column":6},"end":{"line":27,"column":7}},"7":{"start":{"line":11,"column":27},"end":{"line":11,"column":29}},"8":{"start":{"line":12,"column":25},"end":{"line":23,"column":10}},"9":{"start":{"line":13,"column":26},"end":{"line":13,"column":68}},"10":{"start":{"line":14,"column":28},"end":{"line":14,"column":63}},"11":{"start":{"line":15,"column":25},"end":{"line":20,"column":12}},"12":{"start":{"line":21,"column":10},"end":{"line":21,"column":42}},"13":{"start":{"line":22,"column":10},"end":{"line":22,"column":36}},"14":{"start":{"line":25,"column":8},"end":{"line":25,"column":36}},"15":{"start":{"line":26,"column":8},"end":{"line":26,"column":36}},"16":{"start":{"line":28,"column":6},"end":{"line":28,"column":65}},"17":{"start":{"line":30,"column":6},"end":{"line":32,"column":63}},"18":{"start":{"line":37,"column":0},"end":{"line":37,"column":38}}},"fnMap":{"0":{"name":"(anonymous_0)","decl":{"start":{"line":6,"column":2},"end":{"line":6,"column":3}},"loc":{"start":{"line":6,"column":39},"end":{"line":34,"column":3}},"line":6},"1":{"name":"(anonymous_1)","decl":{"start":{"line":12,"column":43},"end":{"line":12,"column":44}},"loc":{"start":{"line":12,"column":64},"end":{"line":23,"column":9}},"line":12}},"branchMap":{"0":{"loc":{"start":{"line":10,"column":6},"end":{"line":27,"column":7}},"type":"if","locations":[{"start":{"line":10,"column":6},"end":{"line":27,"column":7}},{"start":{"line":10,"column":6},"end":{"line":27,"column":7}}],"line":10}},"s":{"0":7,"1":7,"2":7,"3":2,"4":2,"5":2,"6":1,"7":0,"8":0,"9":0,"10":0,"11":0,"12":0,"13":0,"14":0,"15":0,"16":1,"17":1,"18":7},"f":{"0":2,"1":0},"b":{"0":[0,1]},"_coverageSchema":"1a1c01bbd47fc00a2c39e90264f33305004495a9","hash":"383b32e587db3b23abe492fadac62b8d897a327e"}
,"/home/guilherme/final_gaiadex/back/src/controller/CommentController.js": {"path":"/home/guilherme/final_gaiadex/back/src/controller/CommentController.js","statementMap":{"0":{"start":{"line":1,"column":18},"end":{"line":1,"column":44}},"1":{"start":{"line":2,"column":16},"end":{"line":2,"column":44}},"2":{"start":{"line":3,"column":24},"end":{"line":3,"column":52}},"3":{"start":{"line":7,"column":4},"end":{"line":28,"column":5}},"4":{"start":{"line":8,"column":6},"end":{"line":9,"column":78}},"5":{"start":{"line":9,"column":8},"end":{"line":9,"column":78}},"6":{"start":{"line":11,"column":22},"end":{"line":15,"column":8}},"7":{"start":{"line":16,"column":20},"end":{"line":20,"column":8}},"8":{"start":{"line":22,"column":6},"end":{"line":22,"column":27}},"9":{"start":{"line":23,"column":6},"end":{"line":23,"column":35}},"10":{"start":{"line":24,"column":6},"end":{"line":24,"column":25}},"11":{"start":{"line":25,"column":6},"end":{"line":25,"column":29}},"12":{"start":{"line":27,"column":6},"end":{"line":27,"column":78}},"13":{"start":{"line":32,"column":4},"end":{"line":47,"column":5}},"14":{"start":{"line":33,"column":22},"end":{"line":33,"column":66}},"15":{"start":{"line":34,"column":22},"end":{"line":34,"column":30}},"16":{"start":{"line":36,"column":6},"end":{"line":37,"column":78}},"17":{"start":{"line":37,"column":8},"end":{"line":37,"column":78}},"18":{"start":{"line":39,"column":6},"end":{"line":41,"column":9}},"19":{"start":{"line":42,"column":6},"end":{"line":42,"column":70}},"20":{"start":{"line":44,"column":6},"end":{"line":46,"column":64}},"21":{"start":{"line":51,"column":4},"end":{"line":68,"column":5}},"22":{"start":{"line":52,"column":22},"end":{"line":52,"column":66}},"23":{"start":{"line":53,"column":20},"end":{"line":53,"column":55}},"24":{"start":{"line":54,"column":20},"end":{"line":54,"column":64}},"25":{"start":{"line":56,"column":6},"end":{"line":58,"column":7}},"26":{"start":{"line":57,"column":8},"end":{"line":57,"column":40}},"27":{"start":{"line":60,"column":6},"end":{"line":60,"column":19}},"28":{"start":{"line":62,"column":6},"end":{"line":62,"column":60}},"29":{"start":{"line":63,"column":6},"end":{"line":63,"column":70}},"30":{"start":{"line":65,"column":6},"end":{"line":67,"column":62}},"31":{"start":{"line":72,"column":0},"end":{"line":72,"column":35}}},"fnMap":{"0":{"name":"(anonymous_0)","decl":{"start":{"line":6,"column":2},"end":{"line":6,"column":3}},"loc":{"start":{"line":6,"column":39},"end":{"line":29,"column":3}},"line":6},"1":{"name":"(anonymous_1)","decl":{"start":{"line":31,"column":2},"end":{"line":31,"column":3}},"loc":{"start":{"line":31,"column":39},"end":{"line":48,"column":3}},"line":31},"2":{"name":"(anonymous_2)","decl":{"start":{"line":50,"column":2},"end":{"line":50,"column":3}},"loc":{"start":{"line":50,"column":39},"end":{"line":69,"column":3}},"line":50}},"branchMap":{"0":{"loc":{"start":{"line":8,"column":6},"end":{"line":9,"column":78}},"type":"if","locations":[{"start":{"line":8,"column":6},"end":{"line":9,"column":78}},{"start":{"line":8,"column":6},"end":{"line":9,"column":78}}],"line":8},"1":{"loc":{"start":{"line":36,"column":6},"end":{"line":37,"column":78}},"type":"if","locations":[{"start":{"line":36,"column":6},"end":{"line":37,"column":78}},{"start":{"line":36,"column":6},"end":{"line":37,"column":78}}],"line":36},"2":{"loc":{"start":{"line":56,"column":6},"end":{"line":58,"column":7}},"type":"if","locations":[{"start":{"line":56,"column":6},"end":{"line":58,"column":7}},{"start":{"line":56,"column":6},"end":{"line":58,"column":7}}],"line":56}},"s":{"0":7,"1":7,"2":7,"3":9,"4":9,"5":1,"6":8,"7":8,"8":8,"9":8,"10":8,"11":8,"12":0,"13":2,"14":2,"15":2,"16":2,"17":1,"18":1,"19":1,"20":0,"21":1,"22":1,"23":1,"24":1,"25":1,"26":1,"27":1,"28":1,"29":1,"30":0,"31":7},"f":{"0":9,"1":2,"2":1},"b":{"0":[1,8],"1":[1,1],"2":[1,0]},"_coverageSchema":"1a1c01bbd47fc00a2c39e90264f33305004495a9","hash":"a902968f717730c65376c771b53b9790719ad064"}
,"/home/guilherme/final_gaiadex/back/src/controller/FavoritesController.js": {"path":"/home/guilherme/final_gaiadex/back/src/controller/FavoritesController.js","statementMap":{"0":{"start":{"line":1,"column":13},"end":{"line":1,"column":38}},"1":{"start":{"line":2,"column":14},"end":{"line":2,"column":40}},"2":{"start":{"line":6,"column":4},"end":{"line":22,"column":5}},"3":{"start":{"line":7,"column":19},"end":{"line":7,"column":57}},"4":{"start":{"line":8,"column":20},"end":{"line":8,"column":60}},"5":{"start":{"line":10,"column":6},"end":{"line":13,"column":7}},"6":{"start":{"line":11,"column":8},"end":{"line":11,"column":35}},"7":{"start":{"line":12,"column":8},"end":{"line":12,"column":26}},"8":{"start":{"line":15,"column":6},"end":{"line":17,"column":73}},"9":{"start":{"line":19,"column":6},"end":{"line":21,"column":74}},"10":{"start":{"line":26,"column":4},"end":{"line":33,"column":5}},"11":{"start":{"line":27,"column":19},"end":{"line":27,"column":57}},"12":{"start":{"line":28,"column":28},"end":{"line":28,"column":32}},"13":{"start":{"line":30,"column":6},"end":{"line":30,"column":49}},"14":{"start":{"line":32,"column":6},"end":{"line":32,"column":80}},"15":{"start":{"line":37,"column":4},"end":{"line":49,"column":5}},"16":{"start":{"line":38,"column":19},"end":{"line":38,"column":57}},"17":{"start":{"line":39,"column":20},"end":{"line":39,"column":62}},"18":{"start":{"line":41,"column":6},"end":{"line":44,"column":7}},"19":{"start":{"line":42,"column":8},"end":{"line":42,"column":40}},"20":{"start":{"line":43,"column":8},"end":{"line":43,"column":26}},"21":{"start":{"line":46,"column":6},"end":{"line":46,"column":79}},"22":{"start":{"line":48,"column":6},"end":{"line":48,"column":80}},"23":{"start":{"line":53,"column":0},"end":{"line":53,"column":37}}},"fnMap":{"0":{"name":"(anonymous_0)","decl":{"start":{"line":5,"column":2},"end":{"line":5,"column":3}},"loc":{"start":{"line":5,"column":40},"end":{"line":23,"column":3}},"line":5},"1":{"name":"(anonymous_1)","decl":{"start":{"line":25,"column":2},"end":{"line":25,"column":3}},"loc":{"start":{"line":25,"column":39},"end":{"line":34,"column":3}},"line":25},"2":{"name":"(anonymous_2)","decl":{"start":{"line":36,"column":2},"end":{"line":36,"column":3}},"loc":{"start":{"line":36,"column":40},"end":{"line":50,"column":3}},"line":36}},"branchMap":{"0":{"loc":{"start":{"line":10,"column":6},"end":{"line":13,"column":7}},"type":"if","locations":[{"start":{"line":10,"column":6},"end":{"line":13,"column":7}},{"start":{"line":10,"column":6},"end":{"line":13,"column":7}}],"line":10},"1":{"loc":{"start":{"line":41,"column":6},"end":{"line":44,"column":7}},"type":"if","locations":[{"start":{"line":41,"column":6},"end":{"line":44,"column":7}},{"start":{"line":41,"column":6},"end":{"line":44,"column":7}}],"line":41}},"s":{"0":7,"1":7,"2":2,"3":2,"4":2,"5":2,"6":1,"7":1,"8":1,"9":1,"10":2,"11":2,"12":2,"13":1,"14":1,"15":2,"16":2,"17":2,"18":1,"19":0,"20":0,"21":1,"22":1,"23":7},"f":{"0":2,"1":2,"2":2},"b":{"0":[1,0],"1":[0,1]},"_coverageSchema":"1a1c01bbd47fc00a2c39e90264f33305004495a9","hash":"9ffcfc39124c90bb9e954410d64f2b7e2be4b9da"}
,"/home/guilherme/final_gaiadex/back/src/controller/LikeController.js": {"path":"/home/guilherme/final_gaiadex/back/src/controller/LikeController.js","statementMap":{"0":{"start":{"line":1,"column":40},"end":{"line":1,"column":66}},"1":{"start":{"line":2,"column":16},"end":{"line":2,"column":44}},"2":{"start":{"line":3,"column":13},"end":{"line":3,"column":38}},"3":{"start":{"line":4,"column":13},"end":{"line":4,"column":38}},"4":{"start":{"line":5,"column":24},"end":{"line":5,"column":52}},"5":{"start":{"line":9,"column":4},"end":{"line":9,"column":23}},"6":{"start":{"line":10,"column":4},"end":{"line":10,"column":21}},"7":{"start":{"line":11,"column":4},"end":{"line":11,"column":25}},"8":{"start":{"line":12,"column":4},"end":{"line":12,"column":27}},"9":{"start":{"line":16,"column":4},"end":{"line":16,"column":40}},"10":{"start":{"line":16,"column":22},"end":{"line":16,"column":40}},"11":{"start":{"line":17,"column":4},"end":{"line":17,"column":24}},"12":{"start":{"line":21,"column":4},"end":{"line":21,"column":41}},"13":{"start":{"line":25,"column":28},"end":{"line":25,"column":79}},"14":{"start":{"line":26,"column":23},"end":{"line":26,"column":65}},"15":{"start":{"line":27,"column":18},"end":{"line":29,"column":5}},"16":{"start":{"line":30,"column":17},"end":{"line":33,"column":6}},"17":{"start":{"line":35,"column":4},"end":{"line":35,"column":60}},"18":{"start":{"line":39,"column":20},"end":{"line":39,"column":57}},"19":{"start":{"line":40,"column":19},"end":{"line":40,"column":52}},"20":{"start":{"line":41,"column":4},"end":{"line":55,"column":5}},"21":{"start":{"line":42,"column":25},"end":{"line":46,"column":7}},"22":{"start":{"line":47,"column":6},"end":{"line":49,"column":7}},"23":{"start":{"line":48,"column":8},"end":{"line":48,"column":61}},"24":{"start":{"line":50,"column":6},"end":{"line":50,"column":40}},"25":{"start":{"line":52,"column":6},"end":{"line":54,"column":80}},"26":{"start":{"line":60,"column":4},"end":{"line":63,"column":35}},"27":{"start":{"line":61,"column":6},"end":{"line":61,"column":66}},"28":{"start":{"line":62,"column":6},"end":{"line":62,"column":35}},"29":{"start":{"line":63,"column":11},"end":{"line":63,"column":35}},"30":{"start":{"line":64,"column":4},"end":{"line":64,"column":44}},"31":{"start":{"line":65,"column":4},"end":{"line":65,"column":62}},"32":{"start":{"line":69,"column":4},"end":{"line":73,"column":5}},"33":{"start":{"line":70,"column":6},"end":{"line":70,"column":35}},"34":{"start":{"line":72,"column":6},"end":{"line":72,"column":32}},"35":{"start":{"line":77,"column":17},"end":{"line":77,"column":44}},"36":{"start":{"line":78,"column":23},"end":{"line":78,"column":65}},"37":{"start":{"line":79,"column":17},"end":{"line":82,"column":6}},"38":{"start":{"line":83,"column":4},"end":{"line":83,"column":22}},"39":{"start":{"line":84,"column":4},"end":{"line":84,"column":38}},"40":{"start":{"line":85,"column":4},"end":{"line":85,"column":34}},"41":{"start":{"line":89,"column":18},"end":{"line":89,"column":63}},"42":{"start":{"line":90,"column":4},"end":{"line":92,"column":5}},"43":{"start":{"line":91,"column":6},"end":{"line":91,"column":46}},"44":{"start":{"line":93,"column":4},"end":{"line":93,"column":34}},"45":{"start":{"line":94,"column":24},"end":{"line":94,"column":67}},"46":{"start":{"line":95,"column":4},"end":{"line":95,"column":65}},"47":{"start":{"line":95,"column":22},"end":{"line":95,"column":65}},"48":{"start":{"line":99,"column":0},"end":{"line":99,"column":32}}},"fnMap":{"0":{"name":"(anonymous_0)","decl":{"start":{"line":8,"column":2},"end":{"line":8,"column":3}},"loc":{"start":{"line":8,"column":44},"end":{"line":13,"column":3}},"line":8},"1":{"name":"(anonymous_1)","decl":{"start":{"line":15,"column":2},"end":{"line":15,"column":3}},"loc":{"start":{"line":15,"column":14},"end":{"line":18,"column":3}},"line":15},"2":{"name":"(anonymous_2)","decl":{"start":{"line":20,"column":2},"end":{"line":20,"column":3}},"loc":{"start":{"line":20,"column":32},"end":{"line":22,"column":3}},"line":20},"3":{"name":"(anonymous_3)","decl":{"start":{"line":24,"column":2},"end":{"line":24,"column":3}},"loc":{"start":{"line":24,"column":51},"end":{"line":36,"column":3}},"line":24},"4":{"name":"(anonymous_4)","decl":{"start":{"line":38,"column":2},"end":{"line":38,"column":3}},"loc":{"start":{"line":38,"column":45},"end":{"line":56,"column":3}},"line":38},"5":{"name":"(anonymous_5)","decl":{"start":{"line":58,"column":2},"end":{"line":58,"column":3}},"loc":{"start":{"line":58,"column":37},"end":{"line":66,"column":3}},"line":58},"6":{"name":"(anonymous_6)","decl":{"start":{"line":68,"column":2},"end":{"line":68,"column":3}},"loc":{"start":{"line":68,"column":33},"end":{"line":74,"column":3}},"line":68},"7":{"name":"(anonymous_7)","decl":{"start":{"line":76,"column":2},"end":{"line":76,"column":3}},"loc":{"start":{"line":76,"column":26},"end":{"line":86,"column":3}},"line":76},"8":{"name":"(anonymous_8)","decl":{"start":{"line":88,"column":2},"end":{"line":88,"column":3}},"loc":{"start":{"line":88,"column":23},"end":{"line":96,"column":3}},"line":88}},"branchMap":{"0":{"loc":{"start":{"line":16,"column":4},"end":{"line":16,"column":40}},"type":"if","locations":[{"start":{"line":16,"column":4},"end":{"line":16,"column":40}},{"start":{"line":16,"column":4},"end":{"line":16,"column":40}}],"line":16},"1":{"loc":{"start":{"line":21,"column":11},"end":{"line":21,"column":40}},"type":"cond-expr","locations":[{"start":{"line":21,"column":21},"end":{"line":21,"column":28}},{"start":{"line":21,"column":31},"end":{"line":21,"column":40}}],"line":21},"2":{"loc":{"start":{"line":25,"column":28},"end":{"line":25,"column":79}},"type":"cond-expr","locations":[{"start":{"line":25,"column":38},"end":{"line":25,"column":56}},{"start":{"line":25,"column":59},"end":{"line":25,"column":79}}],"line":25},"3":{"loc":{"start":{"line":47,"column":6},"end":{"line":49,"column":7}},"type":"if","locations":[{"start":{"line":47,"column":6},"end":{"line":49,"column":7}},{"start":{"line":47,"column":6},"end":{"line":49,"column":7}}],"line":47},"4":{"loc":{"start":{"line":60,"column":4},"end":{"line":63,"column":35}},"type":"if","locations":[{"start":{"line":60,"column":4},"end":{"line":63,"column":35}},{"start":{"line":60,"column":4},"end":{"line":63,"column":35}}],"line":60},"5":{"loc":{"start":{"line":69,"column":4},"end":{"line":73,"column":5}},"type":"if","locations":[{"start":{"line":69,"column":4},"end":{"line":73,"column":5}},{"start":{"line":69,"column":4},"end":{"line":73,"column":5}}],"line":69},"6":{"loc":{"start":{"line":90,"column":4},"end":{"line":92,"column":5}},"type":"if","locations":[{"start":{"line":90,"column":4},"end":{"line":92,"column":5}},{"start":{"line":90,"column":4},"end":{"line":92,"column":5}}],"line":90},"7":{"loc":{"start":{"line":95,"column":4},"end":{"line":95,"column":65}},"type":"if","locations":[{"start":{"line":95,"column":4},"end":{"line":95,"column":65}},{"start":{"line":95,"column":4},"end":{"line":95,"column":65}}],"line":95}},"s":{"0":7,"1":7,"2":7,"3":7,"4":7,"5":6,"6":6,"7":6,"8":6,"9":15,"10":6,"11":9,"12":10,"13":6,"14":6,"15":6,"16":6,"17":6,"18":6,"19":6,"20":6,"21":6,"22":6,"23":5,"24":1,"25":0,"26":5,"27":3,"28":3,"29":2,"30":5,"31":5,"32":5,"33":4,"34":1,"35":4,"36":4,"37":4,"38":4,"39":4,"40":4,"41":1,"42":1,"43":1,"44":1,"45":1,"46":1,"47":0,"48":7},"f":{"0":6,"1":15,"2":10,"3":6,"4":6,"5":5,"6":5,"7":4,"8":1},"b":{"0":[6,9],"1":[2,8],"2":[3,3],"3":[5,1],"4":[3,2],"5":[4,1],"6":[1,0],"7":[0,1]},"_coverageSchema":"1a1c01bbd47fc00a2c39e90264f33305004495a9","hash":"16512dc06a1c8d3d21a051c0091a00900adb3c54"}
,"/home/guilherme/final_gaiadex/back/src/controller/MyPlantsController.js": {"path":"/home/guilherme/final_gaiadex/back/src/controller/MyPlantsController.js","statementMap":{"0":{"start":{"line":1,"column":13},"end":{"line":1,"column":38}},"1":{"start":{"line":2,"column":14},"end":{"line":2,"column":40}},"2":{"start":{"line":3,"column":16},"end":{"line":3,"column":44}},"3":{"start":{"line":5,"column":22},"end":{"line":5,"column":57}},"4":{"start":{"line":9,"column":4},"end":{"line":9,"column":44}},"5":{"start":{"line":13,"column":4},"end":{"line":33,"column":5}},"6":{"start":{"line":14,"column":19},"end":{"line":14,"column":57}},"7":{"start":{"line":15,"column":20},"end":{"line":15,"column":60}},"8":{"start":{"line":17,"column":21},"end":{"line":17,"column":76}},"9":{"start":{"line":18,"column":6},"end":{"line":18,"column":66}},"10":{"start":{"line":18,"column":24},"end":{"line":18,"column":66}},"11":{"start":{"line":20,"column":22},"end":{"line":24,"column":8}},"12":{"start":{"line":26,"column":6},"end":{"line":26,"column":40}},"13":{"start":{"line":27,"column":6},"end":{"line":27,"column":24}},"14":{"start":{"line":28,"column":6},"end":{"line":28,"column":47}},"15":{"start":{"line":30,"column":6},"end":{"line":32,"column":72}},"16":{"start":{"line":37,"column":4},"end":{"line":56,"column":5}},"17":{"start":{"line":38,"column":19},"end":{"line":38,"column":57}},"18":{"start":{"line":39,"column":20},"end":{"line":39,"column":63}},"19":{"start":{"line":41,"column":6},"end":{"line":48,"column":7}},"20":{"start":{"line":42,"column":24},"end":{"line":42,"column":68}},"21":{"start":{"line":43,"column":8},"end":{"line":47,"column":11}},"22":{"start":{"line":49,"column":6},"end":{"line":51,"column":9}},"23":{"start":{"line":53,"column":6},"end":{"line":55,"column":67}},"24":{"start":{"line":60,"column":4},"end":{"line":79,"column":5}},"25":{"start":{"line":61,"column":22},"end":{"line":61,"column":30}},"26":{"start":{"line":63,"column":21},"end":{"line":63,"column":52}},"27":{"start":{"line":64,"column":6},"end":{"line":68,"column":7}},"28":{"start":{"line":65,"column":8},"end":{"line":67,"column":73}},"29":{"start":{"line":70,"column":6},"end":{"line":72,"column":9}},"30":{"start":{"line":74,"column":6},"end":{"line":74,"column":75}},"31":{"start":{"line":76,"column":6},"end":{"line":78,"column":71}},"32":{"start":{"line":83,"column":4},"end":{"line":106,"column":5}},"33":{"start":{"line":84,"column":22},"end":{"line":84,"column":66}},"34":{"start":{"line":85,"column":19},"end":{"line":85,"column":52}},"35":{"start":{"line":87,"column":20},"end":{"line":87,"column":63}},"36":{"start":{"line":89,"column":6},"end":{"line":91,"column":7}},"37":{"start":{"line":90,"column":8},"end":{"line":90,"column":39}},"38":{"start":{"line":93,"column":6},"end":{"line":93,"column":24}},"39":{"start":{"line":95,"column":6},"end":{"line":97,"column":9}},"40":{"start":{"line":99,"column":6},"end":{"line":101,"column":9}},"41":{"start":{"line":103,"column":6},"end":{"line":105,"column":76}},"42":{"start":{"line":110,"column":0},"end":{"line":110,"column":36}}},"fnMap":{"0":{"name":"(anonymous_0)","decl":{"start":{"line":8,"column":2},"end":{"line":8,"column":3}},"loc":{"start":{"line":8,"column":37},"end":{"line":10,"column":3}},"line":8},"1":{"name":"(anonymous_1)","decl":{"start":{"line":12,"column":2},"end":{"line":12,"column":3}},"loc":{"start":{"line":12,"column":37},"end":{"line":34,"column":3}},"line":12},"2":{"name":"(anonymous_2)","decl":{"start":{"line":36,"column":2},"end":{"line":36,"column":3}},"loc":{"start":{"line":36,"column":37},"end":{"line":57,"column":3}},"line":36},"3":{"name":"(anonymous_3)","decl":{"start":{"line":59,"column":2},"end":{"line":59,"column":3}},"loc":{"start":{"line":59,"column":37},"end":{"line":80,"column":3}},"line":59},"4":{"name":"(anonymous_4)","decl":{"start":{"line":82,"column":2},"end":{"line":82,"column":3}},"loc":{"start":{"line":82,"column":37},"end":{"line":107,"column":3}},"line":82}},"branchMap":{"0":{"loc":{"start":{"line":18,"column":6},"end":{"line":18,"column":66}},"type":"if","locations":[{"start":{"line":18,"column":6},"end":{"line":18,"column":66}},{"start":{"line":18,"column":6},"end":{"line":18,"column":66}}],"line":18},"1":{"loc":{"start":{"line":41,"column":6},"end":{"line":48,"column":7}},"type":"if","locations":[{"start":{"line":41,"column":6},"end":{"line":48,"column":7}},{"start":{"line":41,"column":6},"end":{"line":48,"column":7}}],"line":41},"2":{"loc":{"start":{"line":64,"column":6},"end":{"line":68,"column":7}},"type":"if","locations":[{"start":{"line":64,"column":6},"end":{"line":68,"column":7}},{"start":{"line":64,"column":6},"end":{"line":68,"column":7}}],"line":64},"3":{"loc":{"start":{"line":89,"column":6},"end":{"line":91,"column":7}},"type":"if","locations":[{"start":{"line":89,"column":6},"end":{"line":91,"column":7}},{"start":{"line":89,"column":6},"end":{"line":91,"column":7}}],"line":89}},"s":{"0":7,"1":7,"2":7,"3":7,"4":0,"5":2,"6":2,"7":2,"8":1,"9":1,"10":1,"11":0,"12":0,"13":0,"14":0,"15":1,"16":2,"17":2,"18":2,"19":2,"20":0,"21":0,"22":2,"23":0,"24":4,"25":4,"26":4,"27":4,"28":2,"29":2,"30":1,"31":1,"32":1,"33":1,"34":0,"35":0,"36":0,"37":0,"38":0,"39":0,"40":0,"41":1,"42":7},"f":{"0":0,"1":2,"2":2,"3":4,"4":1},"b":{"0":[1,0],"1":[0,2],"2":[2,2],"3":[0,0]},"_coverageSchema":"1a1c01bbd47fc00a2c39e90264f33305004495a9","hash":"0ae3789fafb1b761c8ddb22842317343a77c9191"}
,"/home/guilherme/final_gaiadex/back/src/controller/PlantController.js": {"path":"/home/guilherme/final_gaiadex/back/src/controller/PlantController.js","statementMap":{"0":{"start":{"line":1,"column":14},"end":{"line":1,"column":40}},"1":{"start":{"line":2,"column":18},"end":{"line":2,"column":44}},"2":{"start":{"line":7,"column":4},"end":{"line":14,"column":5}},"3":{"start":{"line":8,"column":20},"end":{"line":8,"column":48}},"4":{"start":{"line":9,"column":6},"end":{"line":9,"column":25}},"5":{"start":{"line":11,"column":6},"end":{"line":11,"column":33}},"6":{"start":{"line":13,"column":6},"end":{"line":13,"column":27}},"7":{"start":{"line":19,"column":4},"end":{"line":25,"column":5}},"8":{"start":{"line":20,"column":21},"end":{"line":20,"column":58}},"9":{"start":{"line":22,"column":6},"end":{"line":22,"column":34}},"10":{"start":{"line":24,"column":6},"end":{"line":24,"column":70}},"11":{"start":{"line":30,"column":4},"end":{"line":38,"column":5}},"12":{"start":{"line":31,"column":20},"end":{"line":31,"column":79}},"13":{"start":{"line":33,"column":6},"end":{"line":33,"column":33}},"14":{"start":{"line":35,"column":6},"end":{"line":37,"column":65}},"15":{"start":{"line":43,"column":4},"end":{"line":49,"column":5}},"16":{"start":{"line":44,"column":22},"end":{"line":44,"column":71}},"17":{"start":{"line":46,"column":6},"end":{"line":46,"column":31}},"18":{"start":{"line":48,"column":6},"end":{"line":48,"column":77}},"19":{"start":{"line":54,"column":4},"end":{"line":82,"column":5}},"20":{"start":{"line":55,"column":42},"end":{"line":55,"column":50}},"21":{"start":{"line":57,"column":20},"end":{"line":61,"column":7}},"22":{"start":{"line":63,"column":6},"end":{"line":63,"column":24}},"23":{"start":{"line":65,"column":6},"end":{"line":65,"column":50}},"24":{"start":{"line":67,"column":6},"end":{"line":75,"column":8}},"25":{"start":{"line":69,"column":29},"end":{"line":69,"column":70}},"26":{"start":{"line":71,"column":10},"end":{"line":71,"column":34}},"27":{"start":{"line":73,"column":10},"end":{"line":73,"column":40}},"28":{"start":{"line":77,"column":6},"end":{"line":77,"column":25}},"29":{"start":{"line":79,"column":6},"end":{"line":79,"column":33}},"30":{"start":{"line":81,"column":6},"end":{"line":81,"column":68}},"31":{"start":{"line":86,"column":0},"end":{"line":86,"column":33}}},"fnMap":{"0":{"name":"(anonymous_0)","decl":{"start":{"line":6,"column":2},"end":{"line":6,"column":3}},"loc":{"start":{"line":6,"column":39},"end":{"line":15,"column":3}},"line":6},"1":{"name":"(anonymous_1)","decl":{"start":{"line":18,"column":2},"end":{"line":18,"column":3}},"loc":{"start":{"line":18,"column":34},"end":{"line":26,"column":3}},"line":18},"2":{"name":"(anonymous_2)","decl":{"start":{"line":29,"column":2},"end":{"line":29,"column":3}},"loc":{"start":{"line":29,"column":37},"end":{"line":39,"column":3}},"line":29},"3":{"name":"(anonymous_3)","decl":{"start":{"line":42,"column":2},"end":{"line":42,"column":3}},"loc":{"start":{"line":42,"column":37},"end":{"line":50,"column":3}},"line":42},"4":{"name":"(anonymous_4)","decl":{"start":{"line":53,"column":2},"end":{"line":53,"column":3}},"loc":{"start":{"line":53,"column":37},"end":{"line":83,"column":3}},"line":53},"5":{"name":"(anonymous_5)","decl":{"start":{"line":68,"column":19},"end":{"line":68,"column":20}},"loc":{"start":{"line":68,"column":36},"end":{"line":74,"column":9}},"line":68}},"branchMap":{},"s":{"0":7,"1":7,"2":1,"3":1,"4":1,"5":1,"6":0,"7":0,"8":0,"9":0,"10":0,"11":1,"12":1,"13":1,"14":0,"15":1,"16":1,"17":1,"18":0,"19":1,"20":1,"21":1,"22":1,"23":1,"24":1,"25":1,"26":1,"27":1,"28":1,"29":1,"30":0,"31":7},"f":{"0":1,"1":0,"2":1,"3":1,"4":1,"5":1},"b":{},"_coverageSchema":"1a1c01bbd47fc00a2c39e90264f33305004495a9","hash":"689cfaa66165a45a6b0eeb26b7088bfee7e37f8c"}
,"/home/guilherme/final_gaiadex/back/src/controller/ScannerController.js": {"path":"/home/guilherme/final_gaiadex/back/src/controller/ScannerController.js","statementMap":{"0":{"start":{"line":1,"column":11},"end":{"line":1,"column":24}},"1":{"start":{"line":2,"column":14},"end":{"line":2,"column":30}},"2":{"start":{"line":3,"column":17},"end":{"line":3,"column":37}},"3":{"start":{"line":4,"column":13},"end":{"line":4,"column":28}},"4":{"start":{"line":5,"column":0},"end":{"line":5,"column":27}},"5":{"start":{"line":8,"column":2},"end":{"line":12,"column":5}},"6":{"start":{"line":9,"column":23},"end":{"line":9,"column":52}},"7":{"start":{"line":10,"column":4},"end":{"line":10,"column":53}},"8":{"start":{"line":10,"column":32},"end":{"line":10,"column":51}},"9":{"start":{"line":11,"column":4},"end":{"line":11,"column":49}},"10":{"start":{"line":11,"column":36},"end":{"line":11,"column":47}},"11":{"start":{"line":17,"column":19},"end":{"line":17,"column":21}},"12":{"start":{"line":18,"column":4},"end":{"line":20,"column":7}},"13":{"start":{"line":19,"column":6},"end":{"line":19,"column":52}},"14":{"start":{"line":19,"column":18},"end":{"line":19,"column":52}},"15":{"start":{"line":21,"column":4},"end":{"line":21,"column":36}},"16":{"start":{"line":21,"column":23},"end":{"line":21,"column":36}},"17":{"start":{"line":25,"column":23},"end":{"line":25,"column":44}},"18":{"start":{"line":26,"column":21},"end":{"line":26,"column":76}},"19":{"start":{"line":27,"column":4},"end":{"line":27,"column":61}},"20":{"start":{"line":29,"column":4},"end":{"line":29,"column":20}},"21":{"start":{"line":33,"column":17},"end":{"line":33,"column":31}},"22":{"start":{"line":34,"column":4},"end":{"line":34,"column":37}},"23":{"start":{"line":35,"column":19},"end":{"line":35,"column":53}},"24":{"start":{"line":37,"column":4},"end":{"line":37,"column":34}},"25":{"start":{"line":39,"column":21},"end":{"line":45,"column":5}},"26":{"start":{"line":47,"column":4},"end":{"line":47,"column":25}},"27":{"start":{"line":51,"column":4},"end":{"line":70,"column":5}},"28":{"start":{"line":52,"column":21},"end":{"line":52,"column":50}},"29":{"start":{"line":54,"column":50},"end":{"line":54,"column":58}},"30":{"start":{"line":55,"column":29},"end":{"line":55,"column":64}},"31":{"start":{"line":57,"column":6},"end":{"line":57,"column":59}},"32":{"start":{"line":58,"column":23},"end":{"line":58,"column":72}},"33":{"start":{"line":59,"column":32},"end":{"line":63,"column":7}},"34":{"start":{"line":65,"column":6},"end":{"line":65,"column":30}},"35":{"start":{"line":66,"column":6},"end":{"line":66,"column":34}},"36":{"start":{"line":68,"column":6},"end":{"line":68,"column":68}},"37":{"start":{"line":68,"column":30},"end":{"line":68,"column":68}},"38":{"start":{"line":69,"column":6},"end":{"line":69,"column":16}},"39":{"start":{"line":74,"column":0},"end":{"line":74,"column":35}}},"fnMap":{"0":{"name":"openFileReadStream","decl":{"start":{"line":7,"column":9},"end":{"line":7,"column":27}},"loc":{"start":{"line":7,"column":38},"end":{"line":13,"column":1}},"line":7},"1":{"name":"(anonymous_1)","decl":{"start":{"line":8,"column":21},"end":{"line":8,"column":22}},"loc":{"start":{"line":8,"column":42},"end":{"line":12,"column":3}},"line":8},"2":{"name":"(anonymous_2)","decl":{"start":{"line":10,"column":26},"end":{"line":10,"column":27}},"loc":{"start":{"line":10,"column":32},"end":{"line":10,"column":51}},"line":10},"3":{"name":"(anonymous_3)","decl":{"start":{"line":11,"column":27},"end":{"line":11,"column":28}},"loc":{"start":{"line":11,"column":36},"end":{"line":11,"column":47}},"line":11},"4":{"name":"(anonymous_4)","decl":{"start":{"line":16,"column":2},"end":{"line":16,"column":3}},"loc":{"start":{"line":16,"column":44},"end":{"line":22,"column":3}},"line":16},"5":{"name":"(anonymous_5)","decl":{"start":{"line":18,"column":43},"end":{"line":18,"column":44}},"loc":{"start":{"line":18,"column":61},"end":{"line":20,"column":5}},"line":18},"6":{"name":"(anonymous_6)","decl":{"start":{"line":24,"column":2},"end":{"line":24,"column":3}},"loc":{"start":{"line":24,"column":51},"end":{"line":30,"column":3}},"line":24},"7":{"name":"(anonymous_7)","decl":{"start":{"line":32,"column":2},"end":{"line":32,"column":3}},"loc":{"start":{"line":32,"column":61},"end":{"line":48,"column":3}},"line":32},"8":{"name":"(anonymous_8)","decl":{"start":{"line":50,"column":2},"end":{"line":50,"column":3}},"loc":{"start":{"line":50,"column":39},"end":{"line":71,"column":3}},"line":50}},"branchMap":{"0":{"loc":{"start":{"line":19,"column":6},"end":{"line":19,"column":52}},"type":"if","locations":[{"start":{"line":19,"column":6},"end":{"line":19,"column":52}},{"start":{"line":19,"column":6},"end":{"line":19,"column":52}}],"line":19},"1":{"loc":{"start":{"line":21,"column":4},"end":{"line":21,"column":36}},"type":"if","locations":[{"start":{"line":21,"column":4},"end":{"line":21,"column":36}},{"start":{"line":21,"column":4},"end":{"line":21,"column":36}}],"line":21},"2":{"loc":{"start":{"line":68,"column":6},"end":{"line":68,"column":68}},"type":"if","locations":[{"start":{"line":68,"column":6},"end":{"line":68,"column":68}},{"start":{"line":68,"column":6},"end":{"line":68,"column":68}}],"line":68}},"s":{"0":7,"1":7,"2":7,"3":7,"4":7,"5":0,"6":0,"7":0,"8":0,"9":0,"10":0,"11":0,"12":0,"13":0,"14":0,"15":0,"16":0,"17":0,"18":0,"19":0,"20":0,"21":0,"22":0,"23":0,"24":0,"25":0,"26":0,"27":0,"28":0,"29":0,"30":0,"31":0,"32":0,"33":0,"34":0,"35":0,"36":0,"37":0,"38":0,"39":7},"f":{"0":0,"1":0,"2":0,"3":0,"4":0,"5":0,"6":0,"7":0,"8":0},"b":{"0":[0,0],"1":[0,0],"2":[0,0]},"_coverageSchema":"1a1c01bbd47fc00a2c39e90264f33305004495a9","hash":"6f11c6cf6bf5e9a2bc8a3f5cc53f9b2d387b28d5"}
,"/home/guilherme/final_gaiadex/back/src/controller/TopicController.js": {"path":"/home/guilherme/final_gaiadex/back/src/controller/TopicController.js","statementMap":{"0":{"start":{"line":1,"column":40},"end":{"line":1,"column":66}},"1":{"start":{"line":2,"column":13},"end":{"line":2,"column":38}},"2":{"start":{"line":3,"column":14},"end":{"line":3,"column":40}},"3":{"start":{"line":4,"column":20},"end":{"line":4,"column":53}},"4":{"start":{"line":8,"column":4},"end":{"line":38,"column":5}},"5":{"start":{"line":9,"column":19},"end":{"line":9,"column":57}},"6":{"start":{"line":10,"column":20},"end":{"line":10,"column":60}},"7":{"start":{"line":12,"column":21},"end":{"line":12,"column":51}},"8":{"start":{"line":14,"column":6},"end":{"line":18,"column":7}},"9":{"start":{"line":15,"column":8},"end":{"line":17,"column":74}},"10":{"start":{"line":20,"column":20},"end":{"line":24,"column":8}},"11":{"start":{"line":25,"column":6},"end":{"line":25,"column":25}},"12":{"start":{"line":27,"column":6},"end":{"line":27,"column":30}},"13":{"start":{"line":28,"column":6},"end":{"line":28,"column":24}},"14":{"start":{"line":30,"column":6},"end":{"line":30,"column":31}},"15":{"start":{"line":31,"column":6},"end":{"line":31,"column":25}},"16":{"start":{"line":33,"column":6},"end":{"line":33,"column":33}},"17":{"start":{"line":35,"column":6},"end":{"line":37,"column":62}},"18":{"start":{"line":42,"column":4},"end":{"line":67,"column":5}},"19":{"start":{"line":43,"column":20},"end":{"line":43,"column":60}},"20":{"start":{"line":45,"column":22},"end":{"line":45,"column":30}},"21":{"start":{"line":47,"column":6},"end":{"line":47,"column":61}},"22":{"start":{"line":47,"column":33},"end":{"line":47,"column":61}},"23":{"start":{"line":48,"column":6},"end":{"line":48,"column":79}},"24":{"start":{"line":48,"column":39},"end":{"line":48,"column":79}},"25":{"start":{"line":50,"column":21},"end":{"line":50,"column":50}},"26":{"start":{"line":51,"column":6},"end":{"line":55,"column":7}},"27":{"start":{"line":52,"column":8},"end":{"line":54,"column":74}},"28":{"start":{"line":57,"column":23},"end":{"line":61,"column":38}},"29":{"start":{"line":62,"column":6},"end":{"line":62,"column":32}},"30":{"start":{"line":64,"column":6},"end":{"line":66,"column":62}},"31":{"start":{"line":71,"column":4},"end":{"line":98,"column":5}},"32":{"start":{"line":72,"column":20},"end":{"line":72,"column":60}},"33":{"start":{"line":73,"column":19},"end":{"line":73,"column":50}},"34":{"start":{"line":74,"column":20},"end":{"line":74,"column":53}},"35":{"start":{"line":76,"column":26},"end":{"line":76,"column":65}},"36":{"start":{"line":77,"column":27},"end":{"line":77,"column":67}},"37":{"start":{"line":79,"column":6},"end":{"line":81,"column":7}},"38":{"start":{"line":80,"column":8},"end":{"line":80,"column":43}},"39":{"start":{"line":82,"column":6},"end":{"line":84,"column":7}},"40":{"start":{"line":83,"column":8},"end":{"line":83,"column":45}},"41":{"start":{"line":86,"column":6},"end":{"line":86,"column":18}},"42":{"start":{"line":87,"column":6},"end":{"line":87,"column":19}},"43":{"start":{"line":89,"column":6},"end":{"line":91,"column":9}},"44":{"start":{"line":93,"column":6},"end":{"line":93,"column":29}},"45":{"start":{"line":95,"column":6},"end":{"line":97,"column":62}},"46":{"start":{"line":102,"column":4},"end":{"line":109,"column":5}},"47":{"start":{"line":103,"column":20},"end":{"line":103,"column":69}},"48":{"start":{"line":104,"column":6},"end":{"line":104,"column":33}},"49":{"start":{"line":106,"column":6},"end":{"line":108,"column":62}},"50":{"start":{"line":113,"column":4},"end":{"line":123,"column":5}},"51":{"start":{"line":114,"column":20},"end":{"line":116,"column":7}},"52":{"start":{"line":118,"column":6},"end":{"line":118,"column":29}},"53":{"start":{"line":120,"column":6},"end":{"line":122,"column":61}},"54":{"start":{"line":127,"column":22},"end":{"line":129,"column":5}},"55":{"start":{"line":130,"column":4},"end":{"line":130,"column":31}},"56":{"start":{"line":134,"column":0},"end":{"line":134,"column":33}}},"fnMap":{"0":{"name":"(anonymous_0)","decl":{"start":{"line":7,"column":2},"end":{"line":7,"column":3}},"loc":{"start":{"line":7,"column":37},"end":{"line":39,"column":3}},"line":7},"1":{"name":"(anonymous_1)","decl":{"start":{"line":41,"column":2},"end":{"line":41,"column":3}},"loc":{"start":{"line":41,"column":37},"end":{"line":68,"column":3}},"line":41},"2":{"name":"(anonymous_2)","decl":{"start":{"line":70,"column":2},"end":{"line":70,"column":3}},"loc":{"start":{"line":70,"column":37},"end":{"line":99,"column":3}},"line":70},"3":{"name":"(anonymous_3)","decl":{"start":{"line":101,"column":2},"end":{"line":101,"column":3}},"loc":{"start":{"line":101,"column":36},"end":{"line":110,"column":3}},"line":101},"4":{"name":"(anonymous_4)","decl":{"start":{"line":112,"column":2},"end":{"line":112,"column":3}},"loc":{"start":{"line":112,"column":35},"end":{"line":124,"column":3}},"line":112},"5":{"name":"(anonymous_5)","decl":{"start":{"line":126,"column":2},"end":{"line":126,"column":3}},"loc":{"start":{"line":126,"column":50},"end":{"line":131,"column":3}},"line":126}},"branchMap":{"0":{"loc":{"start":{"line":14,"column":6},"end":{"line":18,"column":7}},"type":"if","locations":[{"start":{"line":14,"column":6},"end":{"line":18,"column":7}},{"start":{"line":14,"column":6},"end":{"line":18,"column":7}}],"line":14},"1":{"loc":{"start":{"line":47,"column":6},"end":{"line":47,"column":61}},"type":"if","locations":[{"start":{"line":47,"column":6},"end":{"line":47,"column":61}},{"start":{"line":47,"column":6},"end":{"line":47,"column":61}}],"line":47},"2":{"loc":{"start":{"line":48,"column":6},"end":{"line":48,"column":79}},"type":"if","locations":[{"start":{"line":48,"column":6},"end":{"line":48,"column":79}},{"start":{"line":48,"column":6},"end":{"line":48,"column":79}}],"line":48},"3":{"loc":{"start":{"line":51,"column":6},"end":{"line":55,"column":7}},"type":"if","locations":[{"start":{"line":51,"column":6},"end":{"line":55,"column":7}},{"start":{"line":51,"column":6},"end":{"line":55,"column":7}}],"line":51},"4":{"loc":{"start":{"line":79,"column":6},"end":{"line":81,"column":7}},"type":"if","locations":[{"start":{"line":79,"column":6},"end":{"line":81,"column":7}},{"start":{"line":79,"column":6},"end":{"line":81,"column":7}}],"line":79},"5":{"loc":{"start":{"line":82,"column":6},"end":{"line":84,"column":7}},"type":"if","locations":[{"start":{"line":82,"column":6},"end":{"line":84,"column":7}},{"start":{"line":82,"column":6},"end":{"line":84,"column":7}}],"line":82}},"s":{"0":7,"1":7,"2":7,"3":7,"4":5,"5":5,"6":4,"7":3,"8":3,"9":2,"10":1,"11":1,"12":1,"13":1,"14":1,"15":1,"16":1,"17":2,"18":3,"19":3,"20":3,"21":3,"22":1,"23":3,"24":0,"25":3,"26":3,"27":1,"28":2,"29":2,"30":0,"31":0,"32":0,"33":0,"34":0,"35":0,"36":0,"37":0,"38":0,"39":0,"40":0,"41":0,"42":0,"43":0,"44":0,"45":0,"46":1,"47":1,"48":1,"49":0,"50":0,"51":0,"52":0,"53":0,"54":7,"55":7,"56":7},"f":{"0":5,"1":3,"2":0,"3":1,"4":0,"5":7},"b":{"0":[2,1],"1":[1,2],"2":[0,3],"3":[1,2],"4":[0,0],"5":[0,0]},"_coverageSchema":"1a1c01bbd47fc00a2c39e90264f33305004495a9","hash":"146cefd2511e0a69c0d024663f0c884b57bbb0cd"}
,"/home/guilherme/final_gaiadex/back/src/lib/auth.js": {"path":"/home/guilherme/final_gaiadex/back/src/lib/auth.js","statementMap":{"0":{"start":{"line":1,"column":0},"end":{"line":1,"column":27}},"1":{"start":{"line":2,"column":12},"end":{"line":2,"column":35}},"2":{"start":{"line":4,"column":19},"end":{"line":7,"column":1}},"3":{"start":{"line":9,"column":23},"end":{"line":9,"column":44}},"4":{"start":{"line":11,"column":2},"end":{"line":13,"column":3}},"5":{"start":{"line":12,"column":4},"end":{"line":12,"column":65}},"6":{"start":{"line":15,"column":26},"end":{"line":15,"column":49}},"7":{"start":{"line":17,"column":2},"end":{"line":19,"column":3}},"8":{"start":{"line":18,"column":4},"end":{"line":18,"column":62}},"9":{"start":{"line":21,"column":2},"end":{"line":28,"column":3}},"10":{"start":{"line":22,"column":4},"end":{"line":24,"column":7}},"11":{"start":{"line":23,"column":6},"end":{"line":23,"column":30}},"12":{"start":{"line":25,"column":4},"end":{"line":25,"column":18}},"13":{"start":{"line":27,"column":4},"end":{"line":27,"column":27}},"14":{"start":{"line":30,"column":0},"end":{"line":30,"column":38}}},"fnMap":{"0":{"name":"auth","decl":{"start":{"line":8,"column":9},"end":{"line":8,"column":13}},"loc":{"start":{"line":8,"column":30},"end":{"line":29,"column":1}},"line":8},"1":{"name":"(anonymous_1)","decl":{"start":{"line":22,"column":41},"end":{"line":22,"column":42}},"loc":{"start":{"line":22,"column":59},"end":{"line":24,"column":5}},"line":22}},"branchMap":{"0":{"loc":{"start":{"line":11,"column":2},"end":{"line":13,"column":3}},"type":"if","locations":[{"start":{"line":11,"column":2},"end":{"line":13,"column":3}},{"start":{"line":11,"column":2},"end":{"line":13,"column":3}}],"line":11},"1":{"loc":{"start":{"line":17,"column":2},"end":{"line":19,"column":3}},"type":"if","locations":[{"start":{"line":17,"column":2},"end":{"line":19,"column":3}},{"start":{"line":17,"column":2},"end":{"line":19,"column":3}}],"line":17}},"s":{"0":7,"1":7,"2":7,"3":22,"4":22,"5":0,"6":22,"7":22,"8":0,"9":22,"10":22,"11":22,"12":22,"13":0,"14":7},"f":{"0":22,"1":22},"b":{"0":[0,22],"1":[0,22]},"_coverageSchema":"1a1c01bbd47fc00a2c39e90264f33305004495a9","hash":"deab98db4b4607ca050040a2b4e6e6f697d7c93f"}
,"/home/guilherme/final_gaiadex/back/src/models/Comment.js": {"path":"/home/guilherme/final_gaiadex/back/src/models/Comment.js","statementMap":{"0":{"start":{"line":1,"column":17},"end":{"line":1,"column":36}},"1":{"start":{"line":3,"column":19},"end":{"line":3,"column":27}},"2":{"start":{"line":5,"column":22},"end":{"line":26,"column":2}},"3":{"start":{"line":28,"column":16},"end":{"line":28,"column":56}},"4":{"start":{"line":30,"column":0},"end":{"line":30,"column":25}}},"fnMap":{},"branchMap":{},"s":{"0":7,"1":7,"2":7,"3":7,"4":7},"f":{},"b":{},"_coverageSchema":"1a1c01bbd47fc00a2c39e90264f33305004495a9","hash":"41cae16fbda2eaa4eea24fc0d544d5debe706d19"}
,"/home/guilherme/final_gaiadex/back/src/models/Like.js": {"path":"/home/guilherme/final_gaiadex/back/src/models/Like.js","statementMap":{"0":{"start":{"line":1,"column":17},"end":{"line":1,"column":36}},"1":{"start":{"line":3,"column":19},"end":{"line":3,"column":27}},"2":{"start":{"line":5,"column":19},"end":{"line":19,"column":2}},"3":{"start":{"line":21,"column":13},"end":{"line":21,"column":47}},"4":{"start":{"line":23,"column":0},"end":{"line":23,"column":22}}},"fnMap":{},"branchMap":{},"s":{"0":7,"1":7,"2":7,"3":7,"4":7},"f":{},"b":{},"_coverageSchema":"1a1c01bbd47fc00a2c39e90264f33305004495a9","hash":"29e718304532d9da9424b33605e471911eec57ff"}
,"/home/guilherme/final_gaiadex/back/src/models/MyPlant.js": {"path":"/home/guilherme/final_gaiadex/back/src/models/MyPlant.js","statementMap":{"0":{"start":{"line":1,"column":17},"end":{"line":1,"column":36}},"1":{"start":{"line":3,"column":19},"end":{"line":3,"column":27}},"2":{"start":{"line":5,"column":22},"end":{"line":24,"column":2}},"3":{"start":{"line":26,"column":16},"end":{"line":26,"column":57}},"4":{"start":{"line":28,"column":0},"end":{"line":28,"column":25}}},"fnMap":{},"branchMap":{},"s":{"0":7,"1":7,"2":7,"3":7,"4":7},"f":{},"b":{},"_coverageSchema":"1a1c01bbd47fc00a2c39e90264f33305004495a9","hash":"0ca18943d33460b2164378e4d67cac1a18d46a37"}
,"/home/guilherme/final_gaiadex/back/src/models/Plant.js": {"path":"/home/guilherme/final_gaiadex/back/src/models/Plant.js","statementMap":{"0":{"start":{"line":1,"column":17},"end":{"line":1,"column":36}},"1":{"start":{"line":3,"column":20},"end":{"line":52,"column":2}},"2":{"start":{"line":54,"column":14},"end":{"line":54,"column":50}},"3":{"start":{"line":56,"column":0},"end":{"line":56,"column":23}}},"fnMap":{},"branchMap":{},"s":{"0":7,"1":7,"2":7,"3":7},"f":{},"b":{},"_coverageSchema":"1a1c01bbd47fc00a2c39e90264f33305004495a9","hash":"f691b3ae811fcbcb4605196c6afc51d7bd07fe29"}
,"/home/guilherme/final_gaiadex/back/src/models/Topic.js": {"path":"/home/guilherme/final_gaiadex/back/src/models/Topic.js","statementMap":{"0":{"start":{"line":1,"column":17},"end":{"line":1,"column":36}},"1":{"start":{"line":3,"column":19},"end":{"line":3,"column":27}},"2":{"start":{"line":5,"column":20},"end":{"line":39,"column":2}},"3":{"start":{"line":41,"column":14},"end":{"line":41,"column":50}},"4":{"start":{"line":43,"column":0},"end":{"line":50,"column":2}}},"fnMap":{},"branchMap":{},"s":{"0":7,"1":7,"2":7,"3":7,"4":7},"f":{},"b":{},"_coverageSchema":"1a1c01bbd47fc00a2c39e90264f33305004495a9","hash":"8cba17aea46276f83713c24c56955447036f7e4c"}
,"/home/guilherme/final_gaiadex/back/src/models/User.js": {"path":"/home/guilherme/final_gaiadex/back/src/models/User.js","statementMap":{"0":{"start":{"line":1,"column":17},"end":{"line":1,"column":36}},"1":{"start":{"line":3,"column":19},"end":{"line":3,"column":27}},"2":{"start":{"line":5,"column":19},"end":{"line":41,"column":2}},"3":{"start":{"line":43,"column":13},"end":{"line":43,"column":47}},"4":{"start":{"line":45,"column":0},"end":{"line":45,"column":22}}},"fnMap":{},"branchMap":{},"s":{"0":7,"1":7,"2":7,"3":7,"4":7},"f":{},"b":{},"_coverageSchema":"1a1c01bbd47fc00a2c39e90264f33305004495a9","hash":"53b1d0e54219ca5ff43e55c12a131920c8e7e4ee"}
,"/home/guilherme/final_gaiadex/back/src/routes/authRoutes.js": {"path":"/home/guilherme/final_gaiadex/back/src/routes/authRoutes.js","statementMap":{"0":{"start":{"line":1,"column":16},"end":{"line":1,"column":34}},"1":{"start":{"line":2,"column":17},"end":{"line":2,"column":39}},"2":{"start":{"line":3,"column":23},"end":{"line":3,"column":62}},"3":{"start":{"line":5,"column":15},"end":{"line":5,"column":35}},"4":{"start":{"line":7,"column":0},"end":{"line":7,"column":44}},"5":{"start":{"line":8,"column":0},"end":{"line":8,"column":46}},"6":{"start":{"line":9,"column":0},"end":{"line":9,"column":47}},"7":{"start":{"line":10,"column":0},"end":{"line":10,"column":57}},"8":{"start":{"line":11,"column":0},"end":{"line":11,"column":60}},"9":{"start":{"line":12,"column":0},"end":{"line":12,"column":53}},"10":{"start":{"line":14,"column":0},"end":{"line":14,"column":24}}},"fnMap":{},"branchMap":{},"s":{"0":7,"1":7,"2":7,"3":7,"4":7,"5":7,"6":7,"7":7,"8":7,"9":7,"10":7},"f":{},"b":{},"_coverageSchema":"1a1c01bbd47fc00a2c39e90264f33305004495a9","hash":"df622d1f9ee5e0720d9637ed22a3b199815d6db6"}
,"/home/guilherme/final_gaiadex/back/src/routes/collectionRoutes.js": {"path":"/home/guilherme/final_gaiadex/back/src/routes/collectionRoutes.js","statementMap":{"0":{"start":{"line":1,"column":16},"end":{"line":1,"column":34}},"1":{"start":{"line":2,"column":29},"end":{"line":2,"column":74}},"2":{"start":{"line":4,"column":15},"end":{"line":4,"column":35}},"3":{"start":{"line":6,"column":0},"end":{"line":6,"column":59}},"4":{"start":{"line":8,"column":0},"end":{"line":8,"column":24}}},"fnMap":{},"branchMap":{},"s":{"0":7,"1":7,"2":7,"3":7,"4":7},"f":{},"b":{},"_coverageSchema":"1a1c01bbd47fc00a2c39e90264f33305004495a9","hash":"d5496427156927d77abb08e8a6a451d41f6271ea"}
,"/home/guilherme/final_gaiadex/back/src/routes/commentRoutes.js": {"path":"/home/guilherme/final_gaiadex/back/src/routes/commentRoutes.js","statementMap":{"0":{"start":{"line":1,"column":16},"end":{"line":1,"column":34}},"1":{"start":{"line":2,"column":17},"end":{"line":2,"column":39}},"2":{"start":{"line":3,"column":26},"end":{"line":3,"column":68}},"3":{"start":{"line":4,"column":23},"end":{"line":4,"column":62}},"4":{"start":{"line":6,"column":15},"end":{"line":6,"column":31}},"5":{"start":{"line":8,"column":0},"end":{"line":8,"column":71}},"6":{"start":{"line":9,"column":0},"end":{"line":9,"column":72}},"7":{"start":{"line":10,"column":0},"end":{"line":10,"column":75}},"8":{"start":{"line":11,"column":0},"end":{"line":11,"column":74}},"9":{"start":{"line":12,"column":0},"end":{"line":12,"column":77}},"10":{"start":{"line":14,"column":0},"end":{"line":14,"column":24}}},"fnMap":{},"branchMap":{},"s":{"0":7,"1":7,"2":7,"3":7,"4":7,"5":7,"6":7,"7":7,"8":7,"9":7,"10":7},"f":{},"b":{},"_coverageSchema":"1a1c01bbd47fc00a2c39e90264f33305004495a9","hash":"3d69cbae0d8ef9ae36f1c4aa036dd1714f13c243"}
,"/home/guilherme/final_gaiadex/back/src/routes/favoriteRoutes.js": {"path":"/home/guilherme/final_gaiadex/back/src/routes/favoriteRoutes.js","statementMap":{"0":{"start":{"line":1,"column":16},"end":{"line":1,"column":34}},"1":{"start":{"line":2,"column":28},"end":{"line":2,"column":72}},"2":{"start":{"line":4,"column":15},"end":{"line":4,"column":35}},"3":{"start":{"line":6,"column":0},"end":{"line":6,"column":73}},"4":{"start":{"line":7,"column":0},"end":{"line":7,"column":63}},"5":{"start":{"line":8,"column":0},"end":{"line":8,"column":78}},"6":{"start":{"line":10,"column":0},"end":{"line":10,"column":24}}},"fnMap":{},"branchMap":{},"s":{"0":7,"1":7,"2":7,"3":7,"4":7,"5":7,"6":7},"f":{},"b":{},"_coverageSchema":"1a1c01bbd47fc00a2c39e90264f33305004495a9","hash":"8e351e3877c4378a9edaa601d24cd17080a815aa"}
,"/home/guilherme/final_gaiadex/back/src/routes/myPlantRoutes.js": {"path":"/home/guilherme/final_gaiadex/back/src/routes/myPlantRoutes.js","statementMap":{"0":{"start":{"line":1,"column":16},"end":{"line":1,"column":34}},"1":{"start":{"line":2,"column":27},"end":{"line":2,"column":70}},"2":{"start":{"line":4,"column":15},"end":{"line":4,"column":35}},"3":{"start":{"line":6,"column":0},"end":{"line":6,"column":48}},"4":{"start":{"line":7,"column":0},"end":{"line":7,"column":69}},"5":{"start":{"line":8,"column":0},"end":{"line":8,"column":66}},"6":{"start":{"line":9,"column":0},"end":{"line":9,"column":63}},"7":{"start":{"line":10,"column":0},"end":{"line":10,"column":68}},"8":{"start":{"line":12,"column":0},"end":{"line":12,"column":24}}},"fnMap":{},"branchMap":{},"s":{"0":7,"1":7,"2":7,"3":7,"4":7,"5":7,"6":7,"7":7,"8":7},"f":{},"b":{},"_coverageSchema":"1a1c01bbd47fc00a2c39e90264f33305004495a9","hash":"f38f463c6bc4037da29532caf1a02de2ccdbabb5"}
,"/home/guilherme/final_gaiadex/back/src/routes/plantRoutes.js": {"path":"/home/guilherme/final_gaiadex/back/src/routes/plantRoutes.js","statementMap":{"0":{"start":{"line":1,"column":16},"end":{"line":1,"column":34}},"1":{"start":{"line":2,"column":24},"end":{"line":2,"column":64}},"2":{"start":{"line":4,"column":15},"end":{"line":4,"column":31}},"3":{"start":{"line":6,"column":0},"end":{"line":6,"column":56}},"4":{"start":{"line":7,"column":0},"end":{"line":7,"column":42}},"5":{"start":{"line":8,"column":0},"end":{"line":8,"column":53}},"6":{"start":{"line":9,"column":0},"end":{"line":9,"column":56}},"7":{"start":{"line":10,"column":0},"end":{"line":10,"column":53}},"8":{"start":{"line":12,"column":0},"end":{"line":12,"column":24}}},"fnMap":{},"branchMap":{},"s":{"0":7,"1":7,"2":7,"3":7,"4":7,"5":7,"6":7,"7":7,"8":7},"f":{},"b":{},"_coverageSchema":"1a1c01bbd47fc00a2c39e90264f33305004495a9","hash":"516ef57c3f6056b5542b6f4449ca1a1195fbab46"}
,"/home/guilherme/final_gaiadex/back/src/routes/scannerRoutes.js": {"path":"/home/guilherme/final_gaiadex/back/src/routes/scannerRoutes.js","statementMap":{"0":{"start":{"line":1,"column":16},"end":{"line":1,"column":34}},"1":{"start":{"line":2,"column":26},"end":{"line":2,"column":68}},"2":{"start":{"line":4,"column":15},"end":{"line":4,"column":31}},"3":{"start":{"line":6,"column":0},"end":{"line":6,"column":44}},"4":{"start":{"line":8,"column":0},"end":{"line":8,"column":24}}},"fnMap":{},"branchMap":{},"s":{"0":7,"1":7,"2":7,"3":7,"4":7},"f":{},"b":{},"_coverageSchema":"1a1c01bbd47fc00a2c39e90264f33305004495a9","hash":"88c5c92714810b04720f8cfd8b8fc49a113d5f91"}
,"/home/guilherme/final_gaiadex/back/src/routes/topicRoutes.js": {"path":"/home/guilherme/final_gaiadex/back/src/routes/topicRoutes.js","statementMap":{"0":{"start":{"line":1,"column":16},"end":{"line":1,"column":34}},"1":{"start":{"line":2,"column":17},"end":{"line":2,"column":39}},"2":{"start":{"line":3,"column":24},"end":{"line":3,"column":64}},"3":{"start":{"line":4,"column":23},"end":{"line":4,"column":62}},"4":{"start":{"line":6,"column":15},"end":{"line":6,"column":31}},"5":{"start":{"line":8,"column":0},"end":{"line":8,"column":69}},"6":{"start":{"line":9,"column":0},"end":{"line":9,"column":60}},"7":{"start":{"line":10,"column":0},"end":{"line":10,"column":63}},"8":{"start":{"line":11,"column":0},"end":{"line":11,"column":48}},"9":{"start":{"line":12,"column":0},"end":{"line":12,"column":72}},"10":{"start":{"line":14,"column":0},"end":{"line":14,"column":75}},"11":{"start":{"line":15,"column":0},"end":{"line":15,"column":56}},"12":{"start":{"line":17,"column":0},"end":{"line":17,"column":24}}},"fnMap":{},"branchMap":{},"s":{"0":7,"1":7,"2":7,"3":7,"4":7,"5":7,"6":7,"7":7,"8":7,"9":7,"10":7,"11":7,"12":7},"f":{},"b":{},"_coverageSchema":"1a1c01bbd47fc00a2c39e90264f33305004495a9","hash":"6463596082bd80f30e18c740f260c6157d382019"}
,"/home/guilherme/final_gaiadex/back/src/schemas/myPlantSchema.js": {"path":"/home/guilherme/final_gaiadex/back/src/schemas/myPlantSchema.js","statementMap":{"0":{"start":{"line":1,"column":12},"end":{"line":1,"column":26}},"1":{"start":{"line":3,"column":22},"end":{"line":5,"column":2}},"2":{"start":{"line":7,"column":0},"end":{"line":7,"column":31}}},"fnMap":{},"branchMap":{},"s":{"0":7,"1":7,"2":7},"f":{},"b":{},"_coverageSchema":"1a1c01bbd47fc00a2c39e90264f33305004495a9","hash":"67f926b42d7fd06d01fc7f89e6f5534bb5595aed"}
,"/home/guilherme/final_gaiadex/back/src/schemas/topicSchema.js": {"path":"/home/guilherme/final_gaiadex/back/src/schemas/topicSchema.js","statementMap":{"0":{"start":{"line":1,"column":12},"end":{"line":1,"column":26}},"1":{"start":{"line":3,"column":20},"end":{"line":6,"column":2}},"2":{"start":{"line":8,"column":0},"end":{"line":8,"column":29}}},"fnMap":{},"branchMap":{},"s":{"0":7,"1":7,"2":7},"f":{},"b":{},"_coverageSchema":"1a1c01bbd47fc00a2c39e90264f33305004495a9","hash":"525ce4203ac9493802100fddeda4344443c7b5d5"}
,"/home/guilherme/final_gaiadex/back/src/schemas/userSchema.js": {"path":"/home/guilherme/final_gaiadex/back/src/schemas/userSchema.js","statementMap":{"0":{"start":{"line":1,"column":12},"end":{"line":1,"column":26}},"1":{"start":{"line":3,"column":19},"end":{"line":12,"column":2}},"2":{"start":{"line":14,"column":0},"end":{"line":14,"column":28}}},"fnMap":{},"branchMap":{},"s":{"0":7,"1":7,"2":7},"f":{},"b":{},"_coverageSchema":"1a1c01bbd47fc00a2c39e90264f33305004495a9","hash":"1374d940b5379ab410f7aa18c03f42bd6a761a6f"}
}
