TN:
SF:src/app.js
FN:9,(anonymous_0)
FN:16,(anonymous_1)
FN:20,(anonymous_2)
FN:27,(anonymous_3)
FNF:4
FNH:4
FNDA:7,(anonymous_0)
FNDA:7,(anonymous_1)
FNDA:7,(anonymous_2)
FNDA:7,(anonymous_3)
DA:1,7
DA:3,7
DA:4,7
DA:5,7
DA:6,7
DA:10,7
DA:11,7
DA:12,7
DA:13,7
DA:17,7
DA:21,7
DA:22,7
DA:23,7
DA:24,7
DA:28,7
DA:32,7
LF:16
LH:16
BRF:0
BRH:0
end_of_record
TN:
SF:src/database.js
FN:21,(anonymous_0)
FN:44,(anonymous_1)
FN:48,(anonymous_2)
FN:56,(anonymous_3)
FNF:4
FNH:4
FNDA:14,(anonymous_0)
FNDA:61,(anonymous_1)
FNDA:366,(anonymous_2)
FNDA:7,(anonymous_3)
DA:1,7
DA:21,7
DA:22,14
DA:24,7
DA:26,0
DA:27,0
DA:29,7
DA:30,7
DA:32,0
DA:35,7
DA:44,7
DA:45,61
DA:46,61
DA:48,61
DA:49,366
DA:52,61
DA:56,7
DA:57,7
DA:58,7
DA:62,7
LF:20
LH:17
BRDA:22,0,0,7
BRDA:22,0,1,7
BRDA:24,1,0,0
BRDA:24,1,1,7
BRDA:24,1,2,0
BRDA:45,2,0,61
BRDA:45,2,1,0
BRDA:57,3,0,7
BRDA:57,3,1,0
BRF:9
BRH:5
end_of_record
TN:
SF:src/routes.js
FNF:0
FNH:0
DA:1,7
DA:2,7
DA:3,7
DA:4,7
DA:5,7
DA:6,7
DA:7,7
DA:8,7
DA:9,7
DA:11,7
DA:13,7
DA:14,7
DA:15,7
DA:16,7
DA:17,7
DA:18,7
DA:19,7
DA:20,7
DA:22,7
LF:19
LH:19
BRF:0
BRH:0
end_of_record
TN:
SF:src/controller/AuthController.js
FN:8,(anonymous_0)
FN:34,(anonymous_1)
FN:55,(anonymous_2)
FN:68,(anonymous_3)
FN:81,(anonymous_4)
FN:106,(anonymous_5)
FNF:6
FNH:4
FNDA:16,(anonymous_0)
FNDA:6,(anonymous_1)
FNDA:0,(anonymous_2)
FNDA:0,(anonymous_3)
FNDA:3,(anonymous_4)
FNDA:1,(anonymous_5)
DA:1,7
DA:2,7
DA:3,7
DA:4,7
DA:9,16
DA:10,16
DA:11,16
DA:12,16
DA:13,2
DA:15,14
DA:16,0
DA:18,14
DA:19,14
DA:22,14
DA:23,14
DA:24,14
DA:30,14
DA:35,6
DA:36,6
DA:37,6
DA:39,6
DA:41,6
DA:42,3
DA:46,3
DA:47,3
DA:49,1
DA:51,2
DA:56,0
DA:57,0
DA:62,0
DA:64,0
DA:69,0
DA:70,0
DA:75,0
DA:77,0
DA:82,3
DA:83,3
DA:84,3
DA:86,3
DA:87,3
DA:88,3
DA:90,3
DA:92,3
DA:94,1
DA:98,1
DA:100,0
DA:107,1
DA:108,1
DA:109,1
DA:111,0
DA:118,7
LF:51
LH:40
BRDA:12,0,0,2
BRDA:12,0,1,14
BRDA:15,1,0,0
BRDA:15,1,1,14
BRDA:41,2,0,3
BRDA:41,2,1,3
BRDA:86,3,0,0
BRDA:86,3,1,3
BRDA:87,4,0,0
BRDA:87,4,1,3
BRDA:88,5,0,0
BRDA:88,5,1,3
BRDA:92,6,0,2
BRDA:92,6,1,1
BRF:14
BRH:10
end_of_record
TN:
SF:src/controller/CollectionController.js
FN:6,(anonymous_0)
FN:12,(anonymous_1)
FNF:2
FNH:1
FNDA:2,(anonymous_0)
FNDA:0,(anonymous_1)
DA:1,7
DA:2,7
DA:3,7
DA:7,2
DA:8,2
DA:9,2
DA:10,1
DA:11,0
DA:12,0
DA:13,0
DA:14,0
DA:15,0
DA:21,0
DA:22,0
DA:25,0
DA:26,0
DA:28,1
DA:30,1
DA:37,7
LF:19
LH:10
BRDA:10,0,0,0
BRDA:10,0,1,1
BRF:2
BRH:1
end_of_record
TN:
SF:src/controller/CommentController.js
FN:6,(anonymous_0)
FN:31,(anonymous_1)
FN:50,(anonymous_2)
FNF:3
FNH:3
FNDA:9,(anonymous_0)
FNDA:2,(anonymous_1)
FNDA:1,(anonymous_2)
DA:1,7
DA:2,7
DA:3,7
DA:7,9
DA:8,9
DA:9,1
DA:11,8
DA:16,8
DA:22,8
DA:23,8
DA:24,8
DA:25,8
DA:27,0
DA:32,2
DA:33,2
DA:34,2
DA:36,2
DA:37,1
DA:39,1
DA:42,1
DA:44,0
DA:51,1
DA:52,1
DA:53,1
DA:54,1
DA:56,1
DA:57,1
DA:60,1
DA:62,1
DA:63,1
DA:65,0
DA:72,7
LF:32
LH:29
BRDA:8,0,0,1
BRDA:8,0,1,8
BRDA:36,1,0,1
BRDA:36,1,1,1
BRDA:56,2,0,1
BRDA:56,2,1,0
BRF:6
BRH:5
end_of_record
TN:
SF:src/controller/FavoritesController.js
FN:5,(anonymous_0)
FN:25,(anonymous_1)
FN:36,(anonymous_2)
FNF:3
FNH:3
FNDA:2,(anonymous_0)
FNDA:2,(anonymous_1)
FNDA:2,(anonymous_2)
DA:1,7
DA:2,7
DA:6,2
DA:7,2
DA:8,2
DA:10,2
DA:11,1
DA:12,1
DA:15,1
DA:19,1
DA:26,2
DA:27,2
DA:28,2
DA:30,1
DA:32,1
DA:37,2
DA:38,2
DA:39,2
DA:41,1
DA:42,0
DA:43,0
DA:46,1
DA:48,1
DA:53,7
LF:24
LH:22
BRDA:10,0,0,1
BRDA:10,0,1,0
BRDA:41,1,0,0
BRDA:41,1,1,1
BRF:4
BRH:2
end_of_record
TN:
SF:src/controller/LikeController.js
FN:8,(anonymous_0)
FN:15,(anonymous_1)
FN:20,(anonymous_2)
FN:24,(anonymous_3)
FN:38,(anonymous_4)
FN:58,(anonymous_5)
FN:68,(anonymous_6)
FN:76,(anonymous_7)
FN:88,(anonymous_8)
FNF:9
FNH:9
FNDA:6,(anonymous_0)
FNDA:15,(anonymous_1)
FNDA:10,(anonymous_2)
FNDA:6,(anonymous_3)
FNDA:6,(anonymous_4)
FNDA:5,(anonymous_5)
FNDA:5,(anonymous_6)
FNDA:4,(anonymous_7)
FNDA:1,(anonymous_8)
DA:1,7
DA:2,7
DA:3,7
DA:4,7
DA:5,7
DA:9,6
DA:10,6
DA:11,6
DA:12,6
DA:16,15
DA:17,9
DA:21,10
DA:25,6
DA:26,6
DA:27,6
DA:30,6
DA:35,6
DA:39,6
DA:40,6
DA:41,6
DA:42,6
DA:47,6
DA:48,5
DA:50,1
DA:52,0
DA:60,5
DA:61,3
DA:62,3
DA:63,2
DA:64,5
DA:65,5
DA:69,5
DA:70,4
DA:72,1
DA:77,4
DA:78,4
DA:79,4
DA:83,4
DA:84,4
DA:85,4
DA:89,1
DA:90,1
DA:91,1
DA:93,1
DA:94,1
DA:95,1
DA:99,7
LF:47
LH:46
BRDA:16,0,0,6
BRDA:16,0,1,9
BRDA:21,1,0,2
BRDA:21,1,1,8
BRDA:25,2,0,3
BRDA:25,2,1,3
BRDA:47,3,0,5
BRDA:47,3,1,1
BRDA:60,4,0,3
BRDA:60,4,1,2
BRDA:69,5,0,4
BRDA:69,5,1,1
BRDA:90,6,0,1
BRDA:90,6,1,0
BRDA:95,7,0,0
BRDA:95,7,1,1
BRF:16
BRH:14
end_of_record
TN:
SF:src/controller/MyPlantsController.js
FN:8,(anonymous_0)
FN:12,(anonymous_1)
FN:36,(anonymous_2)
FN:59,(anonymous_3)
FN:82,(anonymous_4)
FNF:5
FNH:4
FNDA:0,(anonymous_0)
FNDA:2,(anonymous_1)
FNDA:2,(anonymous_2)
FNDA:4,(anonymous_3)
FNDA:1,(anonymous_4)
DA:1,7
DA:2,7
DA:3,7
DA:5,7
DA:9,0
DA:13,2
DA:14,2
DA:15,2
DA:17,1
DA:18,1
DA:20,0
DA:26,0
DA:27,0
DA:28,0
DA:30,1
DA:37,2
DA:38,2
DA:39,2
DA:41,2
DA:42,0
DA:43,0
DA:49,2
DA:53,0
DA:60,4
DA:61,4
DA:63,4
DA:64,4
DA:65,2
DA:70,2
DA:74,1
DA:76,1
DA:83,1
DA:84,1
DA:85,0
DA:87,0
DA:89,0
DA:90,0
DA:93,0
DA:95,0
DA:99,0
DA:103,1
DA:110,7
LF:42
LH:27
BRDA:18,0,0,1
BRDA:18,0,1,0
BRDA:41,1,0,0
BRDA:41,1,1,2
BRDA:64,2,0,2
BRDA:64,2,1,2
BRDA:89,3,0,0
BRDA:89,3,1,0
BRF:8
BRH:4
end_of_record
TN:
SF:src/controller/PlantController.js
FN:6,(anonymous_0)
FN:18,(anonymous_1)
FN:29,(anonymous_2)
FN:42,(anonymous_3)
FN:53,(anonymous_4)
FN:68,(anonymous_5)
FNF:6
FNH:5
FNDA:1,(anonymous_0)
FNDA:0,(anonymous_1)
FNDA:1,(anonymous_2)
FNDA:1,(anonymous_3)
FNDA:1,(anonymous_4)
FNDA:1,(anonymous_5)
DA:1,7
DA:2,7
DA:7,1
DA:8,1
DA:9,1
DA:11,1
DA:13,0
DA:19,0
DA:20,0
DA:22,0
DA:24,0
DA:30,1
DA:31,1
DA:33,1
DA:35,0
DA:43,1
DA:44,1
DA:46,1
DA:48,0
DA:54,1
DA:55,1
DA:57,1
DA:63,1
DA:65,1
DA:67,1
DA:69,1
DA:71,1
DA:73,1
DA:77,1
DA:79,1
DA:81,0
DA:86,7
LF:32
LH:24
BRF:0
BRH:0
end_of_record
TN:
SF:src/controller/ScannerController.js
FN:7,openFileReadStream
FN:8,(anonymous_1)
FN:10,(anonymous_2)
FN:11,(anonymous_3)
FN:16,(anonymous_4)
FN:18,(anonymous_5)
FN:24,(anonymous_6)
FN:32,(anonymous_7)
FN:50,(anonymous_8)
FNF:9
FNH:0
FNDA:0,openFileReadStream
FNDA:0,(anonymous_1)
FNDA:0,(anonymous_2)
FNDA:0,(anonymous_3)
FNDA:0,(anonymous_4)
FNDA:0,(anonymous_5)
FNDA:0,(anonymous_6)
FNDA:0,(anonymous_7)
FNDA:0,(anonymous_8)
DA:1,7
DA:2,7
DA:3,7
DA:4,7
DA:5,7
DA:8,0
DA:9,0
DA:10,0
DA:11,0
DA:17,0
DA:18,0
DA:19,0
DA:21,0
DA:25,0
DA:26,0
DA:27,0
DA:29,0
DA:33,0
DA:34,0
DA:35,0
DA:37,0
DA:39,0
DA:47,0
DA:51,0
DA:52,0
DA:54,0
DA:55,0
DA:57,0
DA:58,0
DA:59,0
DA:65,0
DA:66,0
DA:68,0
DA:69,0
DA:74,7
LF:35
LH:6
BRDA:19,0,0,0
BRDA:19,0,1,0
BRDA:21,1,0,0
BRDA:21,1,1,0
BRDA:68,2,0,0
BRDA:68,2,1,0
BRF:6
BRH:0
end_of_record
TN:
SF:src/controller/TopicController.js
FN:7,(anonymous_0)
FN:41,(anonymous_1)
FN:70,(anonymous_2)
FN:101,(anonymous_3)
FN:112,(anonymous_4)
FN:126,(anonymous_5)
FNF:6
FNH:4
FNDA:5,(anonymous_0)
FNDA:3,(anonymous_1)
FNDA:0,(anonymous_2)
FNDA:1,(anonymous_3)
FNDA:0,(anonymous_4)
FNDA:7,(anonymous_5)
DA:1,7
DA:2,7
DA:3,7
DA:4,7
DA:8,5
DA:9,5
DA:10,4
DA:12,3
DA:14,3
DA:15,2
DA:20,1
DA:25,1
DA:27,1
DA:28,1
DA:30,1
DA:31,1
DA:33,1
DA:35,2
DA:42,3
DA:43,3
DA:45,3
DA:47,3
DA:48,3
DA:50,3
DA:51,3
DA:52,1
DA:57,2
DA:62,2
DA:64,0
DA:71,0
DA:72,0
DA:73,0
DA:74,0
DA:76,0
DA:77,0
DA:79,0
DA:80,0
DA:82,0
DA:83,0
DA:86,0
DA:87,0
DA:89,0
DA:93,0
DA:95,0
DA:102,1
DA:103,1
DA:104,1
DA:106,0
DA:113,0
DA:114,0
DA:118,0
DA:120,0
DA:127,7
DA:130,7
DA:134,7
LF:55
LH:34
BRDA:14,0,0,2
BRDA:14,0,1,1
BRDA:47,1,0,1
BRDA:47,1,1,2
BRDA:48,2,0,0
BRDA:48,2,1,3
BRDA:51,3,0,1
BRDA:51,3,1,2
BRDA:79,4,0,0
BRDA:79,4,1,0
BRDA:82,5,0,0
BRDA:82,5,1,0
BRF:12
BRH:7
end_of_record
TN:
SF:src/lib/auth.js
FN:8,auth
FN:22,(anonymous_1)
FNF:2
FNH:2
FNDA:22,auth
FNDA:22,(anonymous_1)
DA:1,7
DA:2,7
DA:4,7
DA:9,22
DA:11,22
DA:12,0
DA:15,22
DA:17,22
DA:18,0
DA:21,22
DA:22,22
DA:23,22
DA:25,22
DA:27,0
DA:30,7
LF:15
LH:12
BRDA:11,0,0,0
BRDA:11,0,1,22
BRDA:17,1,0,0
BRDA:17,1,1,22
BRF:4
BRH:2
end_of_record
TN:
SF:src/models/Comment.js
FNF:0
FNH:0
DA:1,7
DA:3,7
DA:5,7
DA:28,7
DA:30,7
LF:5
LH:5
BRF:0
BRH:0
end_of_record
TN:
SF:src/models/Like.js
FNF:0
FNH:0
DA:1,7
DA:3,7
DA:5,7
DA:21,7
DA:23,7
LF:5
LH:5
BRF:0
BRH:0
end_of_record
TN:
SF:src/models/MyPlant.js
FNF:0
FNH:0
DA:1,7
DA:3,7
DA:5,7
DA:26,7
DA:28,7
LF:5
LH:5
BRF:0
BRH:0
end_of_record
TN:
SF:src/models/Plant.js
FNF:0
FNH:0
DA:1,7
DA:3,7
DA:54,7
DA:56,7
LF:4
LH:4
BRF:0
BRH:0
end_of_record
TN:
SF:src/models/Topic.js
FNF:0
FNH:0
DA:1,7
DA:3,7
DA:5,7
DA:41,7
DA:43,7
LF:5
LH:5
BRF:0
BRH:0
end_of_record
TN:
SF:src/models/User.js
FNF:0
FNH:0
DA:1,7
DA:3,7
DA:5,7
DA:43,7
DA:45,7
LF:5
LH:5
BRF:0
BRH:0
end_of_record
TN:
SF:src/routes/authRoutes.js
FNF:0
FNH:0
DA:1,7
DA:2,7
DA:3,7
DA:5,7
DA:7,7
DA:8,7
DA:9,7
DA:10,7
DA:11,7
DA:12,7
DA:14,7
LF:11
LH:11
BRF:0
BRH:0
end_of_record
TN:
SF:src/routes/collectionRoutes.js
FNF:0
FNH:0
DA:1,7
DA:2,7
DA:4,7
DA:6,7
DA:8,7
LF:5
LH:5
BRF:0
BRH:0
end_of_record
TN:
SF:src/routes/commentRoutes.js
FNF:0
FNH:0
DA:1,7
DA:2,7
DA:3,7
DA:4,7
DA:6,7
DA:8,7
DA:9,7
DA:10,7
DA:11,7
DA:12,7
DA:14,7
LF:11
LH:11
BRF:0
BRH:0
end_of_record
TN:
SF:src/routes/favoriteRoutes.js
FNF:0
FNH:0
DA:1,7
DA:2,7
DA:4,7
DA:6,7
DA:7,7
DA:8,7
DA:10,7
LF:7
LH:7
BRF:0
BRH:0
end_of_record
TN:
SF:src/routes/myPlantRoutes.js
FNF:0
FNH:0
DA:1,7
DA:2,7
DA:4,7
DA:6,7
DA:7,7
DA:8,7
DA:9,7
DA:10,7
DA:12,7
LF:9
LH:9
BRF:0
BRH:0
end_of_record
TN:
SF:src/routes/plantRoutes.js
FNF:0
FNH:0
DA:1,7
DA:2,7
DA:4,7
DA:6,7
DA:7,7
DA:8,7
DA:9,7
DA:10,7
DA:12,7
LF:9
LH:9
BRF:0
BRH:0
end_of_record
TN:
SF:src/routes/scannerRoutes.js
FNF:0
FNH:0
DA:1,7
DA:2,7
DA:4,7
DA:6,7
DA:8,7
LF:5
LH:5
BRF:0
BRH:0
end_of_record
TN:
SF:src/routes/topicRoutes.js
FNF:0
FNH:0
DA:1,7
DA:2,7
DA:3,7
DA:4,7
DA:6,7
DA:8,7
DA:9,7
DA:10,7
DA:11,7
DA:12,7
DA:14,7
DA:15,7
DA:17,7
LF:13
LH:13
BRF:0
BRH:0
end_of_record
TN:
SF:src/schemas/myPlantSchema.js
FNF:0
FNH:0
DA:1,7
DA:3,7
DA:7,7
LF:3
LH:3
BRF:0
BRH:0
end_of_record
TN:
SF:src/schemas/topicSchema.js
FNF:0
FNH:0
DA:1,7
DA:3,7
DA:8,7
LF:3
LH:3
BRF:0
BRH:0
end_of_record
TN:
SF:src/schemas/userSchema.js
FNF:0
FNH:0
DA:1,7
DA:3,7
DA:14,7
LF:3
LH:3
BRF:0
BRH:0
end_of_record
